#
# A fatal error has been detected by the Java Runtime Environment:
#
#  SIGSEGV (0xb) at pc=0x663bbf51, pid=794, tid=0x5f184b40
#
# JRE version: Java(TM) SE Runtime Environment (8.0_101-b13) (build 1.8.0_101-b13)
# Java VM: Java HotSpot(TM) Server VM (25.101-b13 mixed mode linux-x86 )
# Problematic frame:
# C  [libopencv_java2413.so+0x570f51]  CvCaptureCAM_V4L_CPP::retrieveFrame(int)+0x1501
#
# Failed to write core dump. Core dumps have been disabled. To enable core dumping, try "ulimit -c unlimited" before starting Java again
#
# If you would like to submit a bug report, please visit:
#   http://bugreport.java.com/bugreport/crash.jsp
# The crash happened outside the Java Virtual Machine in native code.
# See problematic frame for where to report the bug.
#

---------------  T H R E A D  ---------------

Current thread (0x5f00e400):  JavaThread "Thread-0" daemon [_thread_in_native, id=814, stack(0x5f134000,0x5f185000)]

siginfo: si_signo: 11 (SIGSEGV), si_code: 1 (SEGV_MAPERR), si_addr: 0x5ec2f010

Registers:
EAX=0x0004b000, EBX=0x66d18000, ECX=0x000e1000, EDX=0x00000280
ESP=0x5f183a00, EBP=0x5f183b18, ESI=0x5e51e010, EDI=0x5ec2f010
EIP=0x663bbf51, EFLAGS=0x00010246, CR2=0x5ec2f010

Top of Stack: (sp=0x5f183a00)
0x5f183a00:   5eab6008 5f183a78 00000001 00000000
0x5f183a10:   00000000 00000280 5f183cc0 a7739fb4
0x5f183a20:   6a672b80 6761b1e8 5f183cc0 b65f6394
0x5f183a30:   00000000 5f00e400 5f183a68 b65def5d
0x5f183a40:   5f011600 5f183a88 5f183a8c 00000000
0x5f183a50:   00000001 5ec2f010 5f183ac4 5f183a8c
0x5f183a60:   000001e0 66d18000 00000280 5f183a00
0x5f183a70:   5f00e538 5f183a88 66d0b534 00010000 

Instructions: (pc=0x663bbf51)
0x663bbf31:   ff ff ff 0f 85 72 f5 ff ff 8b 95 50 ff ff ff 8b
0x663bbf41:   bd 3c ff ff ff 0f af c2 8d 0c 40 83 f9 08 73 61
0x663bbf51:   f3 a4 c6 85 54 ff ff ff 01 e9 4d f5 ff ff 8b 85
0x663bbf61:   40 ff ff ff 8b 9d 4c ff ff ff 89 04 24 e8 fd 8d 

Register to memory mapping:

EAX=0x0004b000 is an unknown value
EBX=0x66d18000: <offset 0xecd000> in /home/giannis/Opencv/opencv/lib/libopencv_java2413.so at 0x65e4b000
ECX=0x000e1000 is an unknown value
EDX=0x00000280 is an unknown value
ESP=0x5f183a00 is pointing into the stack for thread: 0x5f00e400
EBP=0x5f183b18 is pointing into the stack for thread: 0x5f00e400
ESI=0x5e51e010 is an unknown value
EDI=0x5ec2f010 is an unknown value


Stack: [0x5f134000,0x5f185000],  sp=0x5f183a00,  free space=318k
Native frames: (J=compiled Java code, j=interpreted, Vv=VM code, C=native code)
C  [libopencv_java2413.so+0x570f51]  CvCaptureCAM_V4L_CPP::retrieveFrame(int)+0x1501
C  [libopencv_java2413.so+0x55aaad]  cvRetrieveFrame+0x3d
J 947 C1 org.opencv.highgui.VideoCapture.retrieve(Lorg/opencv/core/Mat;)Z (14 bytes) @ 0xa779f1a0 [0xa779f120+0x80]
j  gui.FaceDetection$DaemonThread.run()V+54
j  java.lang.Thread.run()V+11
v  ~StubRoutines::call_stub
V  [libjvm.so+0x4ff28f]  JavaCalls::call_helper(JavaValue*, methodHandle*, JavaCallArguments*, Thread*)+0x101f
V  [libjvm.so+0x751449]  os::os_exception_wrapper(void (*)(JavaValue*, methodHandle*, JavaCallArguments*, Thread*), JavaValue*, methodHandle*, JavaCallArguments*, Thread*)+0x19
V  [libjvm.so+0x4ff69c]  JavaCalls::call_virtual(JavaValue*, KlassHandle, Symbol*, Symbol*, JavaCallArguments*, Thread*)+0x25c
V  [libjvm.so+0x4ffadb]  JavaCalls::call_virtual(JavaValue*, Handle, KlassHandle, Symbol*, Symbol*, Thread*)+0x4b
V  [libjvm.so+0x592730]  thread_entry(JavaThread*, Thread*)+0x90
V  [libjvm.so+0x887bc9]  JavaThread::thread_main_inner()+0x109
V  [libjvm.so+0x887d4b]  JavaThread::run()+0x14b
V  [libjvm.so+0x758969]  java_start(Thread*)+0x119
C  [libpthread.so.0+0x62b5]  start_thread+0xe5
C  [libc.so.6+0xe716e]  clone+0x6e

Java frames: (J=compiled Java code, j=interpreted, Vv=VM code)
J 948  org.opencv.highgui.VideoCapture.retrieve_1(JJ)Z (0 bytes) @ 0xa779f436 [0xa779f3e0+0x56]
J 947 C1 org.opencv.highgui.VideoCapture.retrieve(Lorg/opencv/core/Mat;)Z (14 bytes) @ 0xa779f1a0 [0xa779f120+0x80]
j  gui.FaceDetection$DaemonThread.run()V+54
j  java.lang.Thread.run()V+11
v  ~StubRoutines::call_stub

---------------  P R O C E S S  ---------------

Java Threads: ( => current thread )
=>0x5f00e400 JavaThread "Thread-0" daemon [_thread_in_native, id=814, stack(0x5f134000,0x5f185000)]
  0xb6607400 JavaThread "DestroyJavaVM" [_thread_blocked, id=797, stack(0xb6704000,0xb6755000)]
  0x603a9c00 JavaThread "AWT-EventQueue-0" [_thread_blocked, id=813, stack(0x5f3ee000,0x5f43f000)]
  0x603a2400 JavaThread "AWT-Shutdown" [_thread_blocked, id=812, stack(0x5f82f000,0x5f880000)]
  0x6034a000 JavaThread "AWT-XAWT" daemon [_thread_in_native, id=811, stack(0x5f8f4000,0x5f945000)]
  0x60339000 JavaThread "Java2D Disposer" daemon [_thread_blocked, id=810, stack(0x5fa45000,0x5fa96000)]
  0x67639c00 JavaThread "Service Thread" daemon [_thread_blocked, id=807, stack(0x6708b000,0x670dc000)]
  0x67636c00 JavaThread "C1 CompilerThread1" daemon [_thread_blocked, id=806, stack(0x670dc000,0x6715d000)]
  0x67634c00 JavaThread "C2 CompilerThread0" daemon [_thread_blocked, id=805, stack(0x6715d000,0x671de000)]
  0x67633400 JavaThread "Signal Dispatcher" daemon [_thread_blocked, id=804, stack(0x671de000,0x6722f000)]
  0x67618800 JavaThread "Finalizer" daemon [_thread_blocked, id=803, stack(0x675af000,0x67600000)]
  0x67615c00 JavaThread "Reference Handler" daemon [_thread_blocked, id=802, stack(0x6a105000,0x6a156000)]

Other Threads:
  0x67611000 VMThread [stack: 0x67740000,0x677c1000] [id=801]
  0x6763bc00 WatcherThread [stack: 0x6700a000,0x6708b000] [id=808]

VM state:not at safepoint (normal execution)

VM Mutex/Monitor currently owned by a thread: None

Heap:
 PSYoungGen      total 12288K, used 7536K [0x92cc0000, 0x93940000, 0xa7000000)
  eden space 11776K, 63% used [0x92cc0000,0x934101b0,0x93840000)
  from space 512K, 9% used [0x938c0000,0x938cc000,0x93940000)
  to   space 512K, 0% used [0x93840000,0x93840000,0x938c0000)
 ParOldGen       total 42496K, used 1929K [0x6a600000, 0x6cf80000, 0x92cc0000)
  object space 42496K, 4% used [0x6a600000,0x6a7e2718,0x6cf80000)
 Metaspace       used 8680K, capacity 8831K, committed 8880K, reserved 9520K

Card table byte_map: [0x6a41a000,0x6a600000] byte_map_base: 0x6a0c7000

Marking Bits: (ParMarkBitMap*) 0xb71b38e0
 Begin Bits: [0x681b0000, 0x690d8000)
 End Bits:   [0x690d8000, 0x6a000000)

Polling page: 0xb77bd000

CodeCache: size=245760Kb used=2703Kb max_used=2703Kb free=243056Kb
 bounds [0xa755f000, 0xa7807000, 0xb655f000]
 total_blobs=1421 nmethods=1046 adapters=291
 compilation: enabled

Compilation events (10 events):
Event: 22,678 Thread 0x67636c00 nmethod 1073 0xa77c6508 code [0xa77c6620, 0xa77c6700]
Event: 22,678 Thread 0x67636c00 1071       3       javax.swing.plaf.nimbus.NimbusStyle::getExtendedState (247 bytes)
Event: 22,680 Thread 0x67636c00 nmethod 1071 0xa77fe988 code [0xa77feba0, 0xa77ff894]
Event: 22,685 Thread 0x67634c00 nmethod 1070 0xa78031c8 code [0xa7803320, 0xa78037a4]
Event: 22,716 Thread 0x67636c00 1074       3       java.lang.Class::getInterfaces (41 bytes)
Event: 22,716 Thread 0x67636c00 nmethod 1074 0xa77c5f48 code [0xa77c60a0, 0xa77c63b0]
Event: 22,716 Thread 0x67636c00 1075       3       java.awt.Component::isVisible (5 bytes)
Event: 22,716 Thread 0x67636c00 nmethod 1075 0xa7802ec8 code [0xa7802fe0, 0xa7803140]
Event: 22,722 Thread 0x67636c00 1077       1       java.beans.PropertyChangeEvent::getPropertyName (5 bytes)
Event: 22,722 Thread 0x67636c00 nmethod 1077 0xa7802cc8 code [0xa7802dc0, 0xa7802e60]

GC Heap History (10 events):
Event: 21,075 GC heap before
{Heap before GC invocations=48 (full 0):
 PSYoungGen      total 12032K, used 11081K [0x92cc0000, 0x93940000, 0xa7000000)
  eden space 11776K, 93% used [0x92cc0000,0x93786460,0x93840000)
  from space 256K, 18% used [0x93840000,0x9384c000,0x93880000)
  to   space 512K, 0% used [0x938c0000,0x938c0000,0x93940000)
 ParOldGen       total 42496K, used 1913K [0x6a600000, 0x6cf80000, 0x92cc0000)
  object space 42496K, 4% used [0x6a600000,0x6a7de718,0x6cf80000)
 Metaspace       used 8606K, capacity 8767K, committed 8880K, reserved 9520K
Event: 21,075 GC heap after
Heap after GC invocations=48 (full 0):
 PSYoungGen      total 12288K, used 32K [0x92cc0000, 0x93940000, 0xa7000000)
  eden space 11776K, 0% used [0x92cc0000,0x92cc0000,0x93840000)
  from space 512K, 6% used [0x938c0000,0x938c8000,0x93940000)
  to   space 512K, 0% used [0x93840000,0x93840000,0x938c0000)
 ParOldGen       total 42496K, used 1913K [0x6a600000, 0x6cf80000, 0x92cc0000)
  object space 42496K, 4% used [0x6a600000,0x6a7de718,0x6cf80000)
 Metaspace       used 8606K, capacity 8767K, committed 8880K, reserved 9520K
}
Event: 21,431 GC heap before
{Heap before GC invocations=49 (full 0):
 PSYoungGen      total 12288K, used 11151K [0x92cc0000, 0x93940000, 0xa7000000)
  eden space 11776K, 94% used [0x92cc0000,0x9379bc80,0x93840000)
  from space 512K, 6% used [0x938c0000,0x938c8000,0x93940000)
  to   space 512K, 0% used [0x93840000,0x93840000,0x938c0000)
 ParOldGen       total 42496K, used 1913K [0x6a600000, 0x6cf80000, 0x92cc0000)
  object space 42496K, 4% used [0x6a600000,0x6a7de718,0x6cf80000)
 Metaspace       used 8610K, capacity 8767K, committed 8880K, reserved 9520K
Event: 21,432 GC heap after
Heap after GC invocations=49 (full 0):
 PSYoungGen      total 12288K, used 48K [0x92cc0000, 0x93940000, 0xa7000000)
  eden space 11776K, 0% used [0x92cc0000,0x92cc0000,0x93840000)
  from space 512K, 9% used [0x93840000,0x9384c000,0x938c0000)
  to   space 512K, 0% used [0x938c0000,0x938c0000,0x93940000)
 ParOldGen       total 42496K, used 1917K [0x6a600000, 0x6cf80000, 0x92cc0000)
  object space 42496K, 4% used [0x6a600000,0x6a7df718,0x6cf80000)
 Metaspace       used 8610K, capacity 8767K, committed 8880K, reserved 9520K
}
Event: 21,783 GC heap before
{Heap before GC invocations=50 (full 0):
 PSYoungGen      total 12288K, used 11135K [0x92cc0000, 0x93940000, 0xa7000000)
  eden space 11776K, 94% used [0x92cc0000,0x93793c20,0x93840000)
  from space 512K, 9% used [0x93840000,0x9384c000,0x938c0000)
  to   space 512K, 0% used [0x938c0000,0x938c0000,0x93940000)
 ParOldGen       total 42496K, used 1917K [0x6a600000, 0x6cf80000, 0x92cc0000)
  object space 42496K, 4% used [0x6a600000,0x6a7df718,0x6cf80000)
 Metaspace       used 8613K, capacity 8767K, committed 8880K, reserved 9520K
Event: 21,784 GC heap after
Heap after GC invocations=50 (full 0):
 PSYoungGen      total 12288K, used 48K [0x92cc0000, 0x93940000, 0xa7000000)
  eden space 11776K, 0% used [0x92cc0000,0x92cc0000,0x93840000)
  from space 512K, 9% used [0x938c0000,0x938cc000,0x93940000)
  to   space 512K, 0% used [0x93840000,0x93840000,0x938c0000)
 ParOldGen       total 42496K, used 1921K [0x6a600000, 0x6cf80000, 0x92cc0000)
  object space 42496K, 4% used [0x6a600000,0x6a7e0718,0x6cf80000)
 Metaspace       used 8613K, capacity 8767K, committed 8880K, reserved 9520K
}
Event: 22,139 GC heap before
{Heap before GC invocations=51 (full 0):
 PSYoungGen      total 12288K, used 11115K [0x92cc0000, 0x93940000, 0xa7000000)
  eden space 11776K, 93% used [0x92cc0000,0x9378ef98,0x93840000)
  from space 512K, 9% used [0x938c0000,0x938cc000,0x93940000)
  to   space 512K, 0% used [0x93840000,0x93840000,0x938c0000)
 ParOldGen       total 42496K, used 1921K [0x6a600000, 0x6cf80000, 0x92cc0000)
  object space 42496K, 4% used [0x6a600000,0x6a7e0718,0x6cf80000)
 Metaspace       used 8623K, capacity 8799K, committed 8880K, reserved 9520K
Event: 22,140 GC heap after
Heap after GC invocations=51 (full 0):
 PSYoungGen      total 12288K, used 48K [0x92cc0000, 0x93940000, 0xa7000000)
  eden space 11776K, 0% used [0x92cc0000,0x92cc0000,0x93840000)
  from space 512K, 9% used [0x93840000,0x9384c000,0x938c0000)
  to   space 512K, 0% used [0x938c0000,0x938c0000,0x93940000)
 ParOldGen       total 42496K, used 1925K [0x6a600000, 0x6cf80000, 0x92cc0000)
  object space 42496K, 4% used [0x6a600000,0x6a7e1718,0x6cf80000)
 Metaspace       used 8623K, capacity 8799K, committed 8880K, reserved 9520K
}
Event: 22,491 GC heap before
{Heap before GC invocations=52 (full 0):
 PSYoungGen      total 12288K, used 11120K [0x92cc0000, 0x93940000, 0xa7000000)
  eden space 11776K, 94% used [0x92cc0000,0x937900d0,0x93840000)
  from space 512K, 9% used [0x93840000,0x9384c000,0x938c0000)
  to   space 512K, 0% used [0x938c0000,0x938c0000,0x93940000)
 ParOldGen       total 42496K, used 1925K [0x6a600000, 0x6cf80000, 0x92cc0000)
  object space 42496K, 4% used [0x6a600000,0x6a7e1718,0x6cf80000)
 Metaspace       used 8634K, capacity 8799K, committed 8880K, reserved 9520K
Event: 22,492 GC heap after
Heap after GC invocations=52 (full 0):
 PSYoungGen      total 12288K, used 48K [0x92cc0000, 0x93940000, 0xa7000000)
  eden space 11776K, 0% used [0x92cc0000,0x92cc0000,0x93840000)
  from space 512K, 9% used [0x938c0000,0x938cc000,0x93940000)
  to   space 512K, 0% used [0x93840000,0x93840000,0x938c0000)
 ParOldGen       total 42496K, used 1929K [0x6a600000, 0x6cf80000, 0x92cc0000)
  object space 42496K, 4% used [0x6a600000,0x6a7e2718,0x6cf80000)
 Metaspace       used 8634K, capacity 8799K, committed 8880K, reserved 9520K
}

Deoptimization events (10 events):
Event: 0,717 Thread 0x603a9c00 Uncommon trap: reason=class_check action=maybe_recompile pc=0xa76b4630 method=java.util.HashMap.putVal(ILjava/lang/Object;Ljava/lang/Object;ZZ)Ljava/lang/Object; @ 253
Event: 0,718 Thread 0x603a9c00 Uncommon trap: reason=class_check action=maybe_recompile pc=0xa76b4630 method=java.util.HashMap.putVal(ILjava/lang/Object;Ljava/lang/Object;ZZ)Ljava/lang/Object; @ 253
Event: 0,719 Thread 0x603a9c00 Uncommon trap: reason=class_check action=maybe_recompile pc=0xa76b4630 method=java.util.HashMap.putVal(ILjava/lang/Object;Ljava/lang/Object;ZZ)Ljava/lang/Object; @ 253
Event: 0,719 Thread 0x603a9c00 Uncommon trap: reason=class_check action=maybe_recompile pc=0xa76b4630 method=java.util.HashMap.putVal(ILjava/lang/Object;Ljava/lang/Object;ZZ)Ljava/lang/Object; @ 253
Event: 0,719 Thread 0x603a9c00 Uncommon trap: reason=class_check action=maybe_recompile pc=0xa76ae5f8 method=java.util.HashMap.putVal(ILjava/lang/Object;Ljava/lang/Object;ZZ)Ljava/lang/Object; @ 253
Event: 0,723 Thread 0x603a9c00 Uncommon trap: reason=unstable_if action=reinterpret pc=0xa76965bc method=java.lang.String.<init>([CII)V @ 18
Event: 2,626 Thread 0x5f00e400 Uncommon trap: reason=bimorphic action=maybe_recompile pc=0xa76d4288 method=java.util.HashMap.putVal(ILjava/lang/Object;Ljava/lang/Object;ZZ)Ljava/lang/Object; @ 253
Event: 2,626 Thread 0x5f00e400 Uncommon trap: reason=bimorphic action=maybe_recompile pc=0xa76d4288 method=java.util.HashMap.putVal(ILjava/lang/Object;Ljava/lang/Object;ZZ)Ljava/lang/Object; @ 253
Event: 2,626 Thread 0x5f00e400 Uncommon trap: reason=bimorphic action=maybe_recompile pc=0xa76d4288 method=java.util.HashMap.putVal(ILjava/lang/Object;Ljava/lang/Object;ZZ)Ljava/lang/Object; @ 253
Event: 2,626 Thread 0x5f00e400 Uncommon trap: reason=bimorphic action=maybe_recompile pc=0xa76d4288 method=java.util.HashMap.putVal(ILjava/lang/Object;Ljava/lang/Object;ZZ)Ljava/lang/Object; @ 253

Internal exceptions (10 events):
Event: 0,585 Thread 0xb6607400 Exception <a 'java/lang/ClassNotFoundException': ToggleButton> (0x930d8478) thrown at [/HUDSON/workspace/8-2-build-linux-i586/jdk8u101/7261/hotspot/src/share/vm/classfile/systemDictionary.cpp, line 210]
Event: 0,585 Thread 0xb6607400 Exception <a 'java/lang/ClassNotFoundException': javax/swing/JToolBarSeparator> (0x930d8880) thrown at [/HUDSON/workspace/8-2-build-linux-i586/jdk8u101/7261/hotspot/src/share/vm/classfile/systemDictionary.cpp, line 210]
Event: 0,585 Thread 0xb6607400 Exception <a 'java/lang/ClassNotFoundException': ToolBarSeparator> (0x930d8cd8) thrown at [/HUDSON/workspace/8-2-build-linux-i586/jdk8u101/7261/hotspot/src/share/vm/classfile/systemDictionary.cpp, line 210]
Event: 0,585 Thread 0xb6607400 Exception <a 'java/lang/ClassNotFoundException': ToolTip> (0x930d9380) thrown at [/HUDSON/workspace/8-2-build-linux-i586/jdk8u101/7261/hotspot/src/share/vm/classfile/systemDictionary.cpp, line 210]
Event: 0,587 Thread 0xb6607400 Exception <a 'java/lang/ClassNotFoundException': Tree> (0x930d9e68) thrown at [/HUDSON/workspace/8-2-build-linux-i586/jdk8u101/7261/hotspot/src/share/vm/classfile/systemDictionary.cpp, line 210]
Event: 0,587 Thread 0xb6607400 Exception <a 'java/lang/ClassNotFoundException': Tree> (0x930da508) thrown at [/HUDSON/workspace/8-2-build-linux-i586/jdk8u101/7261/hotspot/src/share/vm/classfile/systemDictionary.cpp, line 210]
Event: 0,587 Thread 0xb6607400 Exception <a 'java/lang/ClassNotFoundException': javax/swing/JTreeCell> (0x930da840) thrown at [/HUDSON/workspace/8-2-build-linux-i586/jdk8u101/7261/hotspot/src/share/vm/classfile/systemDictionary.cpp, line 210]
Event: 0,587 Thread 0xb6607400 Exception <a 'java/lang/ClassNotFoundException': TreeCell> (0x930dac88) thrown at [/HUDSON/workspace/8-2-build-linux-i586/jdk8u101/7261/hotspot/src/share/vm/classfile/systemDictionary.cpp, line 210]
Event: 0,590 Thread 0xb6607400 Exception <a 'java/lang/ClassNotFoundException': RootPane> (0x930db600) thrown at [/HUDSON/workspace/8-2-build-linux-i586/jdk8u101/7261/hotspot/src/share/vm/classfile/systemDictionary.cpp, line 210]
Event: 0,954 Thread 0x603a9c00 Exception <a 'java/lang/UnsupportedOperationException': > (0x93278f40) thrown at [/HUDSON/workspace/8-2-build-linux-i586/jdk8u101/7261/hotspot/src/share/vm/prims/jni.cpp, line 735]

Events (10 events):
Event: 21,431 Executing VM operation: ParallelGCFailedAllocation
Event: 21,432 Executing VM operation: ParallelGCFailedAllocation done
Event: 21,783 Executing VM operation: ParallelGCFailedAllocation
Event: 21,784 Executing VM operation: ParallelGCFailedAllocation done
Event: 22,139 Executing VM operation: ParallelGCFailedAllocation
Event: 22,140 Executing VM operation: ParallelGCFailedAllocation done
Event: 22,491 Executing VM operation: ParallelGCFailedAllocation
Event: 22,492 Executing VM operation: ParallelGCFailedAllocation done
Event: 22,716 loading class sun/awt/EmbeddedFrame
Event: 22,722 loading class sun/awt/EmbeddedFrame done


Dynamic libraries:
08048000-08049000 r-xp 00000000 08:03 798470     /usr/lib/jvm/java-8-oracle/bin/java
08049000-0804a000 rw-p 00000000 08:03 798470     /usr/lib/jvm/java-8-oracle/bin/java
09541000-09653000 rw-p 00000000 00:00 0          [heap]
5e264000-5e400000 rw-p 00000000 00:00 0 
5e400000-5e42b000 rw-p 00000000 00:00 0 
5e42b000-5e500000 ---p 00000000 00:00 0 
5e51e000-5e600000 rw-p 00000000 00:00 0 
5e600000-5e700000 rw-p 00000000 00:00 0 
5e75d000-5e889000 rw-s 00000000 00:05 10977308   /SYSV00000000 (deleted)
5e889000-5e8e9000 rw-p 00000000 00:00 0 
5e8e9000-5e989000 ---p 00000000 00:00 0 
5e989000-5ea6b000 rw-p 00000000 00:00 0 
5eb4d000-5ec2f000 rw-p 00000000 00:00 0 
5ec5a000-5ed11000 rw-p 00000000 00:00 0 
5ed11000-5eda7000 rw-s 001c2000 00:06 508        /dev/video0
5eda7000-5ee3d000 rw-s 0012c000 00:06 508        /dev/video0
5ee3d000-5eed3000 rw-s 00096000 00:06 508        /dev/video0
5eed3000-5ef6a000 rw-p 00000000 00:00 0 
5ef6a000-5f000000 rw-s 00000000 00:06 508        /dev/video0
5f000000-5f0d9000 rw-p 00000000 00:00 0 
5f0d9000-5f100000 ---p 00000000 00:00 0 
5f134000-5f137000 ---p 00000000 00:00 0 
5f137000-5f285000 rw-p 00000000 00:00 0 
5f285000-5f2e6000 r-xp 00000000 08:03 798678     /usr/lib/jvm/java-8-oracle/jre/lib/i386/libt2k.so
5f2e6000-5f2ea000 rw-p 00061000 08:03 798678     /usr/lib/jvm/java-8-oracle/jre/lib/i386/libt2k.so
5f2ea000-5f3ee000 rw-p 00000000 00:00 0 
5f3ee000-5f3f1000 ---p 00000000 00:00 0 
5f3f1000-5f53f000 rw-p 00000000 00:00 0 
5f53f000-5f700000 rw-p 00000000 00:00 0 
5f700000-5f7fd000 rw-p 00000000 00:00 0 
5f7fd000-5f800000 ---p 00000000 00:00 0 
5f802000-5f806000 r--s 00097000 08:03 798723     /usr/lib/jvm/java-8-oracle/jre/lib/jsse.jar
5f806000-5f82c000 r-xp 00000000 08:03 798648     /usr/lib/jvm/java-8-oracle/jre/lib/i386/libdcpr.so
5f82c000-5f82f000 rw-p 00025000 08:03 798648     /usr/lib/jvm/java-8-oracle/jre/lib/i386/libdcpr.so
5f82f000-5f832000 ---p 00000000 00:00 0 
5f832000-5f880000 rw-p 00000000 00:00 0 
5f880000-5f88f000 r-xp 00000000 08:03 798661     /usr/lib/jvm/java-8-oracle/jre/lib/i386/libnio.so
5f88f000-5f890000 rw-p 0000e000 08:03 798661     /usr/lib/jvm/java-8-oracle/jre/lib/i386/libnio.so
5f890000-5f898000 r--s 00000000 08:03 4063333    /var/cache/fontconfig/945677eb7aeaf62f1d50efc3fb3ec7d8-le32d4.cache-6
5f898000-5f89c000 r--s 00000000 08:03 4072467    /var/cache/fontconfig/2cd17615ca594fa2959ae173292e504c-le32d4.cache-6
5f89c000-5f89d000 r--s 00000000 08:03 4072460    /var/cache/fontconfig/0d8c3b2ac0904cb8a57a757ad11a4a08-le32d4.cache-6
5f89d000-5f8ac000 r--s 00000000 08:03 4072457    /var/cache/fontconfig/04aabc0a78ac019cf9454389977116d2-le32d4.cache-6
5f8ac000-5f8ad000 r--s 00000000 08:03 4072450    /var/cache/fontconfig/1ac9eb803944fde146138c791f5cc56a-le32d4.cache-6
5f8ad000-5f8b0000 r--s 00000000 08:03 4072415    /var/cache/fontconfig/385c0604a188198f04d133e54aba7fe7-le32d4.cache-6
5f8b0000-5f8b1000 r--s 00000000 08:03 4072363    /var/cache/fontconfig/dc05db6664285cc2f12bf69c139ae4c3-le32d4.cache-6
5f8b1000-5f8b3000 r--s 00000000 08:03 4071632    /var/cache/fontconfig/767a8244fc0220cfb567a839d0392e0b-le32d4.cache-6
5f8b3000-5f8b4000 r--s 00000000 08:03 4072362    /var/cache/fontconfig/4794a0821666d79190d59a36cb4f44b5-le32d4.cache-6
5f8b4000-5f8d0000 r--s 00000000 08:03 4072356    /var/cache/fontconfig/0bd3dc0958fa2205aaaa8ebb13e2872b-le32d4.cache-6
5f8d0000-5f8d4000 r--s 00000000 08:03 4072273    /var/cache/fontconfig/8801497958630a81b71ace7c5f9b32a8-le32d4.cache-6
5f8d4000-5f8d5000 r--s 00000000 08:03 4072080    /var/cache/fontconfig/bab58bb527bb656aaa9f116d68a48d89-le32d4.cache-6
5f8d5000-5f8da000 r--s 00000000 08:03 4072079    /var/cache/fontconfig/3047814df9a2f067bd2d96a2b9c36e5a-le32d4.cache-6
5f8da000-5f8de000 r--s 00000000 08:03 4072008    /var/cache/fontconfig/b47c4e1ecd0709278f4910c18777a504-le32d4.cache-6
5f8de000-5f8ee000 r--s 00000000 08:03 4072005    /var/cache/fontconfig/d52a8644073d54c13679302ca1180695-le32d4.cache-6
5f8ee000-5f8f1000 r--s 00000000 08:03 4071638    /var/cache/fontconfig/d589a48862398ed80a3d6066f4f56f4c-le32d4.cache-6
5f8f1000-5f8f4000 r--s 00000000 08:03 4071634    /var/cache/fontconfig/75114ca45c98e8a441da0ff356701271-le32d4.cache-6
5f8f4000-5f8f7000 ---p 00000000 00:00 0 
5f8f7000-5fa45000 rw-p 00000000 00:00 0 
5fa45000-5fa48000 ---p 00000000 00:00 0 
5fa48000-5fa96000 rw-p 00000000 00:00 0 
5fa96000-5faf8000 r-xp 00000000 08:03 798671     /usr/lib/jvm/java-8-oracle/jre/lib/i386/libfontmanager.so
5faf8000-5fafb000 rw-p 00061000 08:03 798671     /usr/lib/jvm/java-8-oracle/jre/lib/i386/libfontmanager.so
5fafb000-5faff000 rw-p 00000000 00:00 0 
5faff000-5fb00000 ---p 00000000 00:00 0 
5fb00000-60300000 rw-p 00000000 00:00 0 
60300000-60400000 rw-p 00000000 00:00 0 
60400000-6040e000 r--s 00000000 08:03 4063312    /var/cache/fontconfig/9b89f8e3dae116d678bbf48e5f21f69b-le32d4.cache-6
6040e000-60423000 r-xp 00000000 08:03 798695     /usr/lib/jvm/java-8-oracle/jre/lib/i386/libnet.so
60423000-60424000 rw-p 00015000 08:03 798695     /usr/lib/jvm/java-8-oracle/jre/lib/i386/libnet.so
60424000-6042b000 r--s 00000000 08:03 792332     /usr/lib/i386-linux-gnu/gconv/gconv-modules.cache
6042b000-61ce1000 r-xp 00000000 08:03 790719     /usr/lib/i386-linux-gnu/libicudata.so.55.1
61ce1000-61ce2000 r--p 018b5000 08:03 790719     /usr/lib/i386-linux-gnu/libicudata.so.55.1
61ce2000-61ce3000 rw-p 018b6000 08:03 790719     /usr/lib/i386-linux-gnu/libicudata.so.55.1
61ce3000-61ce6000 r-xp 00000000 08:03 525679     /lib/i386-linux-gnu/libkeyutils.so.1.5
61ce6000-61ce7000 r--p 00002000 08:03 525679     /lib/i386-linux-gnu/libkeyutils.so.1.5
61ce7000-61ce8000 rw-p 00003000 08:03 525679     /lib/i386-linux-gnu/libkeyutils.so.1.5
61ce8000-61e6f000 r-xp 00000000 08:03 790733     /usr/lib/i386-linux-gnu/libicuuc.so.55.1
61e6f000-61e79000 r--p 00186000 08:03 790733     /usr/lib/i386-linux-gnu/libicuuc.so.55.1
61e79000-61e7a000 rw-p 00190000 08:03 790733     /usr/lib/i386-linux-gnu/libicuuc.so.55.1
61e7a000-61e7e000 rw-p 00000000 00:00 0 
61e7e000-61e89000 r-xp 00000000 08:03 790789     /usr/lib/i386-linux-gnu/libkrb5support.so.0.1
61e89000-61e8a000 r--p 0000a000 08:03 790789     /usr/lib/i386-linux-gnu/libkrb5support.so.0.1
61e8a000-61e8b000 rw-p 0000b000 08:03 790789     /usr/lib/i386-linux-gnu/libkrb5support.so.0.1
61e8b000-61e8e000 r-xp 00000000 08:03 525627     /lib/i386-linux-gnu/libcom_err.so.2.1
61e8e000-61e8f000 r--p 00002000 08:03 525627     /lib/i386-linux-gnu/libcom_err.so.2.1
61e8f000-61e90000 rw-p 00003000 08:03 525627     /lib/i386-linux-gnu/libcom_err.so.2.1
61e90000-61ebe000 r-xp 00000000 08:03 790781     /usr/lib/i386-linux-gnu/libk5crypto.so.3.1
61ebe000-61ebf000 ---p 0002e000 08:03 790781     /usr/lib/i386-linux-gnu/libk5crypto.so.3.1
61ebf000-61ec0000 r--p 0002e000 08:03 790781     /usr/lib/i386-linux-gnu/libk5crypto.so.3.1
61ec0000-61ec1000 rw-p 0002f000 08:03 790781     /usr/lib/i386-linux-gnu/libk5crypto.so.3.1
61ec1000-61f90000 r-xp 00000000 08:03 790787     /usr/lib/i386-linux-gnu/libkrb5.so.3.3
61f90000-61f91000 ---p 000cf000 08:03 790787     /usr/lib/i386-linux-gnu/libkrb5.so.3.3
61f91000-61f97000 r--p 000cf000 08:03 790787     /usr/lib/i386-linux-gnu/libkrb5.so.3.3
61f97000-61f98000 rw-p 000d5000 08:03 790787     /usr/lib/i386-linux-gnu/libkrb5.so.3.3
61f98000-61fac000 r-xp 00000000 08:03 525662     /lib/i386-linux-gnu/libgpg-error.so.0.17.0
61fac000-61fad000 r--p 00013000 08:03 525662     /lib/i386-linux-gnu/libgpg-error.so.0.17.0
61fad000-61fae000 rw-p 00014000 08:03 525662     /lib/i386-linux-gnu/libgpg-error.so.0.17.0
61fae000-61fd0000 r-xp 00000000 08:03 786715     /usr/lib/i386-linux-gnu/libgomp.so.1.0.0
61fd0000-61fd1000 r--p 00021000 08:03 786715     /usr/lib/i386-linux-gnu/libgomp.so.1.0.0
61fd1000-61fd2000 rw-p 00022000 08:03 786715     /usr/lib/i386-linux-gnu/libgomp.so.1.0.0
61fd2000-61fd9000 r-xp 00000000 08:03 790357     /usr/lib/i386-linux-gnu/libdatrie.so.1.3.3
61fd9000-61fda000 ---p 00007000 08:03 790357     /usr/lib/i386-linux-gnu/libdatrie.so.1.3.3
61fda000-61fdb000 r--p 00007000 08:03 790357     /usr/lib/i386-linux-gnu/libdatrie.so.1.3.3
61fdb000-61fdc000 rw-p 00008000 08:03 790357     /usr/lib/i386-linux-gnu/libdatrie.so.1.3.3
61fdc000-62000000 r-xp 00000000 08:03 790613     /usr/lib/i386-linux-gnu/libgraphite2.so.3.0.1
62000000-62001000 ---p 00024000 08:03 790613     /usr/lib/i386-linux-gnu/libgraphite2.so.3.0.1
62001000-62002000 r--p 00024000 08:03 790613     /usr/lib/i386-linux-gnu/libgraphite2.so.3.0.1
62002000-62003000 rw-p 00025000 08:03 790613     /usr/lib/i386-linux-gnu/libgraphite2.so.3.0.1
62003000-62016000 r-xp 00000000 08:03 790734     /usr/lib/i386-linux-gnu/libtasn1.so.6.5.1
62016000-62017000 r--p 00012000 08:03 790734     /usr/lib/i386-linux-gnu/libtasn1.so.6.5.1
62017000-62018000 rw-p 00013000 08:03 790734     /usr/lib/i386-linux-gnu/libtasn1.so.6.5.1
62018000-6204a000 r-xp 00000000 08:03 790592     /usr/lib/i386-linux-gnu/libidn.so.11.6.15
6204a000-6204b000 r--p 00031000 08:03 790592     /usr/lib/i386-linux-gnu/libidn.so.11.6.15
6204b000-6204c000 rw-p 00032000 08:03 790592     /usr/lib/i386-linux-gnu/libidn.so.11.6.15
6204c000-620a7000 r-xp 00000000 08:03 790957     /usr/lib/i386-linux-gnu/libp11-kit.so.0.1.0
620a7000-620a8000 ---p 0005b000 08:03 790957     /usr/lib/i386-linux-gnu/libp11-kit.so.0.1.0
620a8000-620ad000 r--p 0005b000 08:03 790957     /usr/lib/i386-linux-gnu/libp11-kit.so.0.1.0
620ad000-620ae000 rw-p 00060000 08:03 790957     /usr/lib/i386-linux-gnu/libp11-kit.so.0.1.0
620ae000-62284000 r-xp 00000000 08:03 790501     /usr/lib/i386-linux-gnu/libxml2.so.2.9.3
62284000-62285000 ---p 001d6000 08:03 790501     /usr/lib/i386-linux-gnu/libxml2.so.2.9.3
62285000-62289000 r--p 001d6000 08:03 790501     /usr/lib/i386-linux-gnu/libxml2.so.2.9.3
62289000-6228a000 rw-p 001da000 08:03 790501     /usr/lib/i386-linux-gnu/libxml2.so.2.9.3
6228a000-6228b000 rw-p 00000000 00:00 0 
6228b000-62315000 r-xp 00000000 08:03 790585     /usr/lib/i386-linux-gnu/libgmp.so.10.3.0
62315000-62316000 r--p 00089000 08:03 790585     /usr/lib/i386-linux-gnu/libgmp.so.10.3.0
62316000-62317000 rw-p 0008a000 08:03 790585     /usr/lib/i386-linux-gnu/libgmp.so.10.3.0
62317000-62351000 r-xp 00000000 08:03 790891     /usr/lib/i386-linux-gnu/libnettle.so.6.2
62351000-62352000 r--p 00039000 08:03 790891     /usr/lib/i386-linux-gnu/libnettle.so.6.2
62352000-62353000 rw-p 0003a000 08:03 790891     /usr/lib/i386-linux-gnu/libnettle.so.6.2
62353000-62386000 r-xp 00000000 08:03 790697     /usr/lib/i386-linux-gnu/libhogweed.so.4.2
62386000-62387000 r--p 00032000 08:03 790697     /usr/lib/i386-linux-gnu/libhogweed.so.4.2
62387000-62388000 rw-p 00033000 08:03 790697     /usr/lib/i386-linux-gnu/libhogweed.so.4.2
62388000-623d7000 r-xp 00000000 08:03 790621     /usr/lib/i386-linux-gnu/libgssapi_krb5.so.2.2
623d7000-623d8000 ---p 0004f000 08:03 790621     /usr/lib/i386-linux-gnu/libgssapi_krb5.so.2.2
623d8000-623d9000 r--p 0004f000 08:03 790621     /usr/lib/i386-linux-gnu/libgssapi_krb5.so.2.2
623d9000-623da000 rw-p 00050000 08:03 790621     /usr/lib/i386-linux-gnu/libgssapi_krb5.so.2.2
623da000-62485000 r-xp 00000000 08:03 525609     /lib/i386-linux-gnu/libgcrypt.so.20.0.5
62485000-62486000 r--p 000aa000 08:03 525609     /lib/i386-linux-gnu/libgcrypt.so.20.0.5
62486000-62489000 rw-p 000ab000 08:03 525609     /lib/i386-linux-gnu/libgcrypt.so.20.0.5
62489000-62516000 r-xp 00000000 08:03 790945     /usr/lib/i386-linux-gnu/liborc-0.4.so.0.25.0
62516000-62517000 ---p 0008d000 08:03 790945     /usr/lib/i386-linux-gnu/liborc-0.4.so.0.25.0
62517000-62518000 r--p 0008d000 08:03 790945     /usr/lib/i386-linux-gnu/liborc-0.4.so.0.25.0
62518000-6251c000 rw-p 0008e000 08:03 790945     /usr/lib/i386-linux-gnu/liborc-0.4.so.0.25.0
6251c000-62523000 r-xp 00000000 08:03 790932     /usr/lib/i386-linux-gnu/libogg.so.0.8.2
62523000-62524000 r--p 00006000 08:03 790932     /usr/lib/i386-linux-gnu/libogg.so.0.8.2
62524000-62525000 rw-p 00007000 08:03 790932     /usr/lib/i386-linux-gnu/libogg.so.0.8.2
62525000-62530000 r-xp 00000000 08:03 790926     /usr/lib/i386-linux-gnu/libnuma.so.1.0.0
62530000-62531000 r--p 0000a000 08:03 790926     /usr/lib/i386-linux-gnu/libnuma.so.1.0.0
62531000-62532000 rw-p 0000b000 08:03 790926     /usr/lib/i386-linux-gnu/libnuma.so.1.0.0
62532000-6255e000 r-xp 00000000 08:03 791131     /usr/lib/i386-linux-gnu/libsoxr.so.0.1.1
6255e000-6255f000 ---p 0002c000 08:03 791131     /usr/lib/i386-linux-gnu/libsoxr.so.0.1.1
6255f000-62560000 r--p 0002c000 08:03 791131     /usr/lib/i386-linux-gnu/libsoxr.so.0.1.1
62560000-62561000 rw-p 0002d000 08:03 791131     /usr/lib/i386-linux-gnu/libsoxr.so.0.1.1
62561000-62596000 rw-p 00000000 00:00 0 
62596000-625b5000 r-xp 00000000 08:03 524319     /lib/i386-linux-gnu/libudev.so.1.6.4
625b5000-625b6000 r--p 0001e000 08:03 524319     /lib/i386-linux-gnu/libudev.so.1.6.4
625b6000-625b7000 rw-p 0001f000 08:03 524319     /lib/i386-linux-gnu/libudev.so.1.6.4
625b7000-625dd000 r-xp 00000000 08:03 525871     /lib/i386-linux-gnu/libexpat.so.1.6.0
625dd000-625de000 ---p 00026000 08:03 525871     /lib/i386-linux-gnu/libexpat.so.1.6.0
625de000-625e0000 r--p 00026000 08:03 525871     /lib/i386-linux-gnu/libexpat.so.1.6.0
625e0000-625e1000 rw-p 00028000 08:03 525871     /lib/i386-linux-gnu/libexpat.so.1.6.0
625e1000-625ea000 r-xp 00000000 08:03 791177     /usr/lib/i386-linux-gnu/libthai.so.0.2.4
625ea000-625eb000 r--p 00008000 08:03 791177     /usr/lib/i386-linux-gnu/libthai.so.0.2.4
625eb000-625ec000 rw-p 00009000 08:03 791177     /usr/lib/i386-linux-gnu/libthai.so.0.2.4
625ec000-6264e000 r-xp 00000000 08:03 790536     /usr/lib/i386-linux-gnu/libharfbuzz.so.0.10000.1
6264e000-6264f000 r--p 00061000 08:03 790536     /usr/lib/i386-linux-gnu/libharfbuzz.so.0.10000.1
6264f000-62650000 rw-p 00062000 08:03 790536     /usr/lib/i386-linux-gnu/libharfbuzz.so.0.10000.1
62650000-62664000 r-xp 00000000 08:03 525768     /lib/i386-linux-gnu/libresolv-2.23.so
62664000-62665000 ---p 00014000 08:03 525768     /lib/i386-linux-gnu/libresolv-2.23.so
62665000-62666000 r--p 00014000 08:03 525768     /lib/i386-linux-gnu/libresolv-2.23.so
62666000-62667000 rw-p 00015000 08:03 525768     /lib/i386-linux-gnu/libresolv-2.23.so
62667000-62669000 rw-p 00000000 00:00 0 
62669000-6268b000 r-xp 00000000 08:03 525774     /lib/i386-linux-gnu/libselinux.so.1
6268b000-6268c000 ---p 00022000 08:03 525774     /lib/i386-linux-gnu/libselinux.so.1
6268c000-6268d000 r--p 00022000 08:03 525774     /lib/i386-linux-gnu/libselinux.so.1
6268d000-6268e000 rw-p 00023000 08:03 525774     /lib/i386-linux-gnu/libselinux.so.1
6268e000-6268f000 rw-p 00000000 00:00 0 
6268f000-62698000 r-xp 00000000 08:03 791311     /usr/lib/i386-linux-gnu/libxcb-render.so.0.0.0
62698000-62699000 r--p 00008000 08:03 791311     /usr/lib/i386-linux-gnu/libxcb-render.so.0.0.0
62699000-6269a000 rw-p 00009000 08:03 791311     /usr/lib/i386-linux-gnu/libxcb-render.so.0.0.0
6269a000-6269c000 r-xp 00000000 08:03 791315     /usr/lib/i386-linux-gnu/libxcb-shm.so.0.0.0
6269c000-6269d000 r--p 00001000 08:03 791315     /usr/lib/i386-linux-gnu/libxcb-shm.so.0.0.0
6269d000-6269e000 rw-p 00002000 08:03 791315     /usr/lib/i386-linux-gnu/libxcb-shm.so.0.0.0
6269e000-62747000 r-xp 00000000 08:03 790989     /usr/lib/i386-linux-gnu/libpixman-1.so.0.33.6
62747000-6274d000 r--p 000a8000 08:03 790989     /usr/lib/i386-linux-gnu/libpixman-1.so.0.33.6
6274d000-6274e000 rw-p 000ae000 08:03 790989     /usr/lib/i386-linux-gnu/libpixman-1.so.0.33.6
6274e000-627f9000 r-xp 00000000 08:03 790512     /usr/lib/i386-linux-gnu/libfreetype.so.6.12.1
627f9000-627fd000 r--p 000aa000 08:03 790512     /usr/lib/i386-linux-gnu/libfreetype.so.6.12.1
627fd000-627fe000 rw-p 000ae000 08:03 790512     /usr/lib/i386-linux-gnu/libfreetype.so.6.12.1
627fe000-6280e000 r-xp 00000000 08:03 525617     /lib/i386-linux-gnu/libbz2.so.1.0.4
6280e000-6280f000 r--p 0000f000 08:03 525617     /lib/i386-linux-gnu/libbz2.so.1.0.4
6280f000-62810000 rw-p 00010000 08:03 525617     /lib/i386-linux-gnu/libbz2.so.1.0.4
62810000-6295f000 r-xp 00000000 08:03 791163     /usr/lib/i386-linux-gnu/libgnutls.so.30.6.2
6295f000-62960000 ---p 0014f000 08:03 791163     /usr/lib/i386-linux-gnu/libgnutls.so.30.6.2
62960000-62966000 r--p 0014f000 08:03 791163     /usr/lib/i386-linux-gnu/libgnutls.so.30.6.2
62966000-62967000 rw-p 00155000 08:03 791163     /usr/lib/i386-linux-gnu/libgnutls.so.30.6.2
62967000-62968000 rw-p 00000000 00:00 0 
62968000-629bc000 r-xp 00000000 08:03 790258     /usr/lib/i386-linux-gnu/libbluray.so.1.9.2
629bc000-629bd000 ---p 00054000 08:03 790258     /usr/lib/i386-linux-gnu/libbluray.so.1.9.2
629bd000-629be000 r--p 00054000 08:03 790258     /usr/lib/i386-linux-gnu/libbluray.so.1.9.2
629be000-629bf000 rw-p 00055000 08:03 790258     /usr/lib/i386-linux-gnu/libbluray.so.1.9.2
629bf000-62a0d000 r-xp 00000000 08:03 786683     /usr/lib/i386-linux-gnu/libgme.so.0.6.0
62a0d000-62a0f000 r--p 0004d000 08:03 786683     /usr/lib/i386-linux-gnu/libgme.so.0.6.0
62a0f000-62a10000 rw-p 0004f000 08:03 786683     /usr/lib/i386-linux-gnu/libgme.so.0.6.0
62a10000-62a5e000 r-xp 00000000 08:03 790841     /usr/lib/i386-linux-gnu/libmodplug.so.1.0.0
62a5e000-62a5f000 r--p 0004d000 08:03 790841     /usr/lib/i386-linux-gnu/libmodplug.so.1.0.0
62a5f000-62a60000 rw-p 0004e000 08:03 790841     /usr/lib/i386-linux-gnu/libmodplug.so.1.0.0
62a60000-62b9f000 rw-p 00000000 00:00 0 
62b9f000-62bbd000 r-xp 00000000 08:03 791073     /usr/lib/i386-linux-gnu/librtmp.so.1
62bbd000-62bbe000 r--p 0001d000 08:03 791073     /usr/lib/i386-linux-gnu/librtmp.so.1
62bbe000-62bbf000 rw-p 0001e000 08:03 791073     /usr/lib/i386-linux-gnu/librtmp.so.1
62bbf000-62c14000 r-xp 00000000 08:03 791143     /usr/lib/i386-linux-gnu/libssh-gcrypt.so.4.4.1
62c14000-62c15000 r--p 00054000 08:03 791143     /usr/lib/i386-linux-gnu/libssh-gcrypt.so.4.4.1
62c15000-62c16000 rw-p 00055000 08:03 791143     /usr/lib/i386-linux-gnu/libssh-gcrypt.so.4.4.1
62c16000-62c34000 r-xp 00000000 08:03 790340     /usr/lib/i386-linux-gnu/libcrystalhd.so.3.6
62c34000-62c35000 r--p 0001d000 08:03 790340     /usr/lib/i386-linux-gnu/libcrystalhd.so.3.6
62c35000-62c36000 rw-p 0001e000 08:03 790340     /usr/lib/i386-linux-gnu/libcrystalhd.so.3.6
62c36000-62c45000 r-xp 00000000 08:03 790617     /usr/lib/i386-linux-gnu/libgsm.so.1.0.12
62c45000-62c46000 r--p 0000e000 08:03 790617     /usr/lib/i386-linux-gnu/libgsm.so.1.0.12
62c46000-62c47000 rw-p 0000f000 08:03 790617     /usr/lib/i386-linux-gnu/libgsm.so.1.0.12
62c47000-62c8d000 r-xp 00000000 08:03 790843     /usr/lib/i386-linux-gnu/libmp3lame.so.0.0.0
62c8d000-62c8e000 ---p 00046000 08:03 790843     /usr/lib/i386-linux-gnu/libmp3lame.so.0.0.0
62c8e000-62c8f000 r--p 00046000 08:03 790843     /usr/lib/i386-linux-gnu/libmp3lame.so.0.0.0
62c8f000-62c90000 rw-p 00047000 08:03 790843     /usr/lib/i386-linux-gnu/libmp3lame.so.0.0.0
62c90000-62cbf000 rw-p 00000000 00:00 0 
62cbf000-62ce3000 r-xp 00000000 08:03 790938     /usr/lib/i386-linux-gnu/libopenjpeg.so.1.5.2
62ce3000-62ce4000 r--p 00024000 08:03 790938     /usr/lib/i386-linux-gnu/libopenjpeg.so.1.5.2
62ce4000-62ce5000 rw-p 00025000 08:03 790938     /usr/lib/i386-linux-gnu/libopenjpeg.so.1.5.2
62ce5000-62d2e000 r-xp 00000000 08:03 790943     /usr/lib/i386-linux-gnu/libopus.so.0.5.2
62d2e000-62d2f000 r--p 00048000 08:03 790943     /usr/lib/i386-linux-gnu/libopus.so.0.5.2
62d2f000-62d30000 rw-p 00049000 08:03 790943     /usr/lib/i386-linux-gnu/libopus.so.0.5.2
62d30000-62df2000 r-xp 00000000 08:03 791094     /usr/lib/i386-linux-gnu/libschroedinger-1.0.so.0.11.0
62df2000-62df4000 r--p 000c2000 08:03 791094     /usr/lib/i386-linux-gnu/libschroedinger-1.0.so.0.11.0
62df4000-62df5000 rw-p 000c4000 08:03 791094     /usr/lib/i386-linux-gnu/libschroedinger-1.0.so.0.11.0
62df5000-62e01000 r-xp 00000000 08:03 791101     /usr/lib/i386-linux-gnu/libshine.so.3.0.1
62e01000-62e02000 r--p 0000b000 08:03 791101     /usr/lib/i386-linux-gnu/libshine.so.3.0.1
62e02000-62e03000 rw-p 0000c000 08:03 791101     /usr/lib/i386-linux-gnu/libshine.so.3.0.1
62e03000-62e0a000 r-xp 00000000 08:03 791117     /usr/lib/i386-linux-gnu/libsnappy.so.1.3.0
62e0a000-62e0b000 r--p 00006000 08:03 791117     /usr/lib/i386-linux-gnu/libsnappy.so.1.3.0
62e0b000-62e0c000 rw-p 00007000 08:03 791117     /usr/lib/i386-linux-gnu/libsnappy.so.1.3.0
62e0c000-62e2f000 r-xp 00000000 08:03 793570     /usr/lib/i386-linux-gnu/sse2/libspeex.so.1.5.0
62e2f000-62e30000 r--p 00022000 08:03 793570     /usr/lib/i386-linux-gnu/sse2/libspeex.so.1.5.0
62e30000-62e31000 rw-p 00023000 08:03 793570     /usr/lib/i386-linux-gnu/sse2/libspeex.so.1.5.0
62e31000-62e4a000 r-xp 00000000 08:03 791181     /usr/lib/i386-linux-gnu/libtheoradec.so.1.1.4
62e4a000-62e4b000 r--p 00018000 08:03 791181     /usr/lib/i386-linux-gnu/libtheoradec.so.1.1.4
62e4b000-62e4c000 rw-p 00019000 08:03 791181     /usr/lib/i386-linux-gnu/libtheoradec.so.1.1.4
62e4c000-62e8d000 r-xp 00000000 08:03 791183     /usr/lib/i386-linux-gnu/libtheoraenc.so.1.1.2
62e8d000-62e8e000 r--p 00040000 08:03 791183     /usr/lib/i386-linux-gnu/libtheoraenc.so.1.1.2
62e8e000-62e8f000 rw-p 00041000 08:03 791183     /usr/lib/i386-linux-gnu/libtheoraenc.so.1.1.2
62e8f000-62eac000 r-xp 00000000 08:03 791198     /usr/lib/i386-linux-gnu/libtwolame.so.0.0.0
62eac000-62ead000 ---p 0001d000 08:03 791198     /usr/lib/i386-linux-gnu/libtwolame.so.0.0.0
62ead000-62eae000 r--p 0001d000 08:03 791198     /usr/lib/i386-linux-gnu/libtwolame.so.0.0.0
62eae000-62eaf000 rw-p 0001e000 08:03 791198     /usr/lib/i386-linux-gnu/libtwolame.so.0.0.0
62eaf000-62eb3000 rw-p 00000000 00:00 0 
62eb3000-62edd000 r-xp 00000000 08:03 791246     /usr/lib/i386-linux-gnu/libvorbis.so.0.4.8
62edd000-62ede000 r--p 00029000 08:03 791246     /usr/lib/i386-linux-gnu/libvorbis.so.0.4.8
62ede000-62edf000 rw-p 0002a000 08:03 791246     /usr/lib/i386-linux-gnu/libvorbis.so.0.4.8
62edf000-62f59000 r-xp 00000000 08:03 791248     /usr/lib/i386-linux-gnu/libvorbisenc.so.2.0.11
62f59000-62f6a000 r--p 00079000 08:03 791248     /usr/lib/i386-linux-gnu/libvorbisenc.so.2.0.11
62f6a000-62f6b000 rw-p 0008a000 08:03 791248     /usr/lib/i386-linux-gnu/libvorbisenc.so.2.0.11
62f6b000-6315b000 r-xp 00000000 08:03 791253     /usr/lib/i386-linux-gnu/libvpx.so.3.0.0
6315b000-6315c000 r--p 001ef000 08:03 791253     /usr/lib/i386-linux-gnu/libvpx.so.3.0.0
6315c000-6315d000 rw-p 001f0000 08:03 791253     /usr/lib/i386-linux-gnu/libvpx.so.3.0.0
6315d000-6315f000 rw-p 00000000 00:00 0 
6315f000-63189000 r-xp 00000000 08:03 791259     /usr/lib/i386-linux-gnu/libwavpack.so.1.1.7
63189000-6318a000 ---p 0002a000 08:03 791259     /usr/lib/i386-linux-gnu/libwavpack.so.1.1.7
6318a000-6318b000 r--p 0002a000 08:03 791259     /usr/lib/i386-linux-gnu/libwavpack.so.1.1.7
6318b000-6318c000 rw-p 0002b000 08:03 791259     /usr/lib/i386-linux-gnu/libwavpack.so.1.1.7
6318c000-631ec000 r-xp 00000000 08:03 791273     /usr/lib/i386-linux-gnu/libwebp.so.5.0.4
631ec000-631ed000 ---p 00060000 08:03 791273     /usr/lib/i386-linux-gnu/libwebp.so.5.0.4
631ed000-631ee000 r--p 00060000 08:03 791273     /usr/lib/i386-linux-gnu/libwebp.so.5.0.4
631ee000-631f0000 rw-p 00061000 08:03 791273     /usr/lib/i386-linux-gnu/libwebp.so.5.0.4
631f0000-6332e000 r-xp 00000000 08:03 792587     /usr/lib/i386-linux-gnu/i686/sse2/libx264.so.148
6332e000-6332f000 ---p 0013e000 08:03 792587     /usr/lib/i386-linux-gnu/i686/sse2/libx264.so.148
6332f000-63330000 r--p 0013e000 08:03 792587     /usr/lib/i386-linux-gnu/i686/sse2/libx264.so.148
63330000-63331000 rw-p 0013f000 08:03 792587     /usr/lib/i386-linux-gnu/i686/sse2/libx264.so.148
63331000-633ac000 rw-p 00000000 00:00 0 
633ac000-63668000 r-xp 00000000 08:03 791297     /usr/lib/i386-linux-gnu/libx265.so.79
63668000-63669000 ---p 002bc000 08:03 791297     /usr/lib/i386-linux-gnu/libx265.so.79
63669000-6366b000 r--p 002bc000 08:03 791297     /usr/lib/i386-linux-gnu/libx265.so.79
6366b000-6366d000 rw-p 002be000 08:03 791297     /usr/lib/i386-linux-gnu/libx265.so.79
6366d000-63675000 rw-p 00000000 00:00 0 
63675000-63724000 r-xp 00000000 08:03 791358     /usr/lib/i386-linux-gnu/libxvidcore.so.4.3
63724000-63725000 r--p 000ae000 08:03 791358     /usr/lib/i386-linux-gnu/libxvidcore.so.4.3
63725000-6372f000 rw-p 000af000 08:03 791358     /usr/lib/i386-linux-gnu/libxvidcore.so.4.3
6372f000-63798000 rw-p 00000000 00:00 0 
63798000-6380e000 r-xp 00000000 08:03 791372     /usr/lib/i386-linux-gnu/libzvbi.so.0.13.2
6380e000-63814000 r--p 00075000 08:03 791372     /usr/lib/i386-linux-gnu/libzvbi.so.0.13.2
63814000-6381f000 rw-p 0007b000 08:03 791372     /usr/lib/i386-linux-gnu/libzvbi.so.0.13.2
6381f000-6383e000 r-xp 00000000 08:03 791240     /usr/lib/i386-linux-gnu/libva.so.1.3900.0
6383e000-6383f000 r--p 0001e000 08:03 791240     /usr/lib/i386-linux-gnu/libva.so.1.3900.0
6383f000-63840000 rw-p 0001f000 08:03 791240     /usr/lib/i386-linux-gnu/libva.so.1.3900.0
63840000-6385f000 r-xp 00000000 08:03 791174     /usr/lib/i386-linux-gnu/libswresample-ffmpeg.so.1.2.101
6385f000-63860000 r--p 0001e000 08:03 791174     /usr/lib/i386-linux-gnu/libswresample-ffmpeg.so.1.2.101
63860000-63861000 rw-p 0001f000 08:03 791174     /usr/lib/i386-linux-gnu/libswresample-ffmpeg.so.1.2.101
63861000-6387a000 r-xp 00000000 08:03 525796     /lib/i386-linux-gnu/libusb-1.0.so.0.1.0
6387a000-6387b000 r--p 00018000 08:03 525796     /lib/i386-linux-gnu/libusb-1.0.so.0.1.0
6387b000-6387c000 rw-p 00019000 08:03 525796     /lib/i386-linux-gnu/libusb-1.0.so.0.1.0
6387c000-6388c000 r-xp 00000000 08:03 791049     /usr/lib/i386-linux-gnu/libraw1394.so.11.1.0
6388c000-6388d000 ---p 00010000 08:03 791049     /usr/lib/i386-linux-gnu/libraw1394.so.11.1.0
6388d000-6388e000 r--p 00010000 08:03 791049     /usr/lib/i386-linux-gnu/libraw1394.so.11.1.0
6388e000-6388f000 rw-p 00011000 08:03 791049     /usr/lib/i386-linux-gnu/libraw1394.so.11.1.0
6388f000-63902000 r-xp 00000000 08:03 525745     /lib/i386-linux-gnu/libpcre.so.3.13.2
63902000-63903000 r--p 00072000 08:03 525745     /lib/i386-linux-gnu/libpcre.so.3.13.2
63903000-63904000 rw-p 00073000 08:03 525745     /lib/i386-linux-gnu/libpcre.so.3.13.2
63904000-6390b000 r-xp 00000000 08:03 790462     /usr/lib/i386-linux-gnu/libffi.so.6.0.4
6390b000-6390c000 r--p 00006000 08:03 790462     /usr/lib/i386-linux-gnu/libffi.so.6.0.4
6390c000-6390d000 rw-p 00007000 08:03 790462     /usr/lib/i386-linux-gnu/libffi.so.6.0.4
6390d000-6390f000 r-xp 00000000 08:03 790119     /usr/lib/i386-linux-gnu/libXdamage.so.1.1.0
6390f000-63910000 r--p 00001000 08:03 790119     /usr/lib/i386-linux-gnu/libXdamage.so.1.1.0
63910000-63911000 rw-p 00002000 08:03 790119     /usr/lib/i386-linux-gnu/libXdamage.so.1.1.0
63911000-63913000 r-xp 00000000 08:03 790115     /usr/lib/i386-linux-gnu/libXcomposite.so.1.0.0
63913000-63914000 r--p 00001000 08:03 790115     /usr/lib/i386-linux-gnu/libXcomposite.so.1.0.0
63914000-63915000 rw-p 00002000 08:03 790115     /usr/lib/i386-linux-gnu/libXcomposite.so.1.0.0
63915000-6391e000 r-xp 00000000 08:03 790117     /usr/lib/i386-linux-gnu/libXcursor.so.1.0.2
6391e000-6391f000 r--p 00008000 08:03 790117     /usr/lib/i386-linux-gnu/libXcursor.so.1.0.2
6391f000-63920000 rw-p 00009000 08:03 790117     /usr/lib/i386-linux-gnu/libXcursor.so.1.0.2
63920000-6392b000 r-xp 00000000 08:03 790141     /usr/lib/i386-linux-gnu/libXrandr.so.2.2.0
6392b000-6392c000 r--p 0000a000 08:03 790141     /usr/lib/i386-linux-gnu/libXrandr.so.2.2.0
6392c000-6392d000 rw-p 0000b000 08:03 790141     /usr/lib/i386-linux-gnu/libXrandr.so.2.2.0
6392d000-6396f000 r-xp 00000000 08:03 790594     /usr/lib/i386-linux-gnu/libfontconfig.so.1.9.0
6396f000-63970000 ---p 00042000 08:03 790594     /usr/lib/i386-linux-gnu/libfontconfig.so.1.9.0
63970000-63971000 r--p 00042000 08:03 790594     /usr/lib/i386-linux-gnu/libfontconfig.so.1.9.0
63971000-63976000 rw-p 00043000 08:03 790594     /usr/lib/i386-linux-gnu/libfontconfig.so.1.9.0
63976000-639c4000 r-xp 00000000 08:03 790965     /usr/lib/i386-linux-gnu/libpango-1.0.so.0.3800.1
639c4000-639c5000 ---p 0004e000 08:03 790965     /usr/lib/i386-linux-gnu/libpango-1.0.so.0.3800.1
639c5000-639c6000 r--p 0004e000 08:03 790965     /usr/lib/i386-linux-gnu/libpango-1.0.so.0.3800.1
639c6000-639c7000 rw-p 0004f000 08:03 790965     /usr/lib/i386-linux-gnu/libpango-1.0.so.0.3800.1
639c7000-639dd000 r-xp 00000000 08:03 790969     /usr/lib/i386-linux-gnu/libpangoft2-1.0.so.0.3800.1
639dd000-639de000 r--p 00015000 08:03 790969     /usr/lib/i386-linux-gnu/libpangoft2-1.0.so.0.3800.1
639de000-639df000 rw-p 00016000 08:03 790969     /usr/lib/i386-linux-gnu/libpangoft2-1.0.so.0.3800.1
639df000-63ba3000 r-xp 00000000 08:03 793680     /usr/lib/i386-linux-gnu/libgio-2.0.so.0.4800.1
63ba3000-63ba4000 ---p 001c4000 08:03 793680     /usr/lib/i386-linux-gnu/libgio-2.0.so.0.4800.1
63ba4000-63ba6000 r--p 001c4000 08:03 793680     /usr/lib/i386-linux-gnu/libgio-2.0.so.0.4800.1
63ba6000-63ba7000 rw-p 001c6000 08:03 793680     /usr/lib/i386-linux-gnu/libgio-2.0.so.0.4800.1
63ba7000-63ba8000 rw-p 00000000 00:00 0 
63ba8000-63bcf000 r-xp 00000000 08:03 793847     /usr/lib/i386-linux-gnu/libgdk_pixbuf-2.0.so.0.3200.2
63bcf000-63bd0000 r--p 00026000 08:03 793847     /usr/lib/i386-linux-gnu/libgdk_pixbuf-2.0.so.0.3200.2
63bd0000-63bd1000 rw-p 00027000 08:03 793847     /usr/lib/i386-linux-gnu/libgdk_pixbuf-2.0.so.0.3200.2
63bd1000-63d0e000 r-xp 00000000 08:03 790277     /usr/lib/i386-linux-gnu/libcairo.so.2.11400.6
63d0e000-63d10000 r--p 0013c000 08:03 790277     /usr/lib/i386-linux-gnu/libcairo.so.2.11400.6
63d10000-63d11000 rw-p 0013e000 08:03 790277     /usr/lib/i386-linux-gnu/libcairo.so.2.11400.6
63d11000-63d12000 rw-p 00000000 00:00 0 
63d12000-63d36000 r-xp 00000000 08:03 790207     /usr/lib/i386-linux-gnu/libatk-1.0.so.0.21809.1
63d36000-63d38000 r--p 00023000 08:03 790207     /usr/lib/i386-linux-gnu/libatk-1.0.so.0.21809.1
63d38000-63d39000 rw-p 00025000 08:03 790207     /usr/lib/i386-linux-gnu/libatk-1.0.so.0.21809.1
63d39000-63d5d000 r-xp 00000000 08:03 525685     /lib/i386-linux-gnu/liblzma.so.5.0.0
63d5d000-63d5e000 r--p 00023000 08:03 525685     /lib/i386-linux-gnu/liblzma.so.5.0.0
63d5e000-63d5f000 rw-p 00024000 08:03 525685     /lib/i386-linux-gnu/liblzma.so.5.0.0
63d5f000-63d7b000 r-xp 00000000 08:03 525656     /lib/i386-linux-gnu/libgcc_s.so.1
63d7b000-63d7c000 rw-p 0001b000 08:03 525656     /lib/i386-linux-gnu/libgcc_s.so.1
63d7c000-63d95000 r-xp 00000000 08:03 525807     /lib/i386-linux-gnu/libz.so.1.2.8
63d95000-63d96000 r--p 00018000 08:03 525807     /lib/i386-linux-gnu/libz.so.1.2.8
63d96000-63d97000 rw-p 00019000 08:03 525807     /lib/i386-linux-gnu/libz.so.1.2.8
63d97000-63e32000 r-xp 00000000 08:03 791396     /usr/lib/i386-linux-gnu/libswscale-ffmpeg.so.3.1.101
63e32000-63e33000 r--p 0009a000 08:03 791396     /usr/lib/i386-linux-gnu/libswscale-ffmpeg.so.3.1.101
63e33000-63e34000 rw-p 0009b000 08:03 791396     /usr/lib/i386-linux-gnu/libswscale-ffmpeg.so.3.1.101
63e34000-63e3c000 rw-p 00000000 00:00 0 
63e3c000-63eba000 r-xp 00000000 08:03 788148     /usr/lib/i386-linux-gnu/libavutil-ffmpeg.so.54.31.100
63eba000-63ebb000 ---p 0007e000 08:03 788148     /usr/lib/i386-linux-gnu/libavutil-ffmpeg.so.54.31.100
63ebb000-63ebc000 r--p 0007e000 08:03 788148     /usr/lib/i386-linux-gnu/libavutil-ffmpeg.so.54.31.100
63ebc000-63ebd000 rw-p 0007f000 08:03 788148     /usr/lib/i386-linux-gnu/libavutil-ffmpeg.so.54.31.100
63ebd000-63ed0000 rw-p 00000000 00:00 0 
63ed0000-64124000 r-xp 00000000 08:03 788145     /usr/lib/i386-linux-gnu/libavformat-ffmpeg.so.56.40.101
64124000-64125000 r--p 00253000 08:03 788145     /usr/lib/i386-linux-gnu/libavformat-ffmpeg.so.56.40.101
64125000-64130000 rw-p 00254000 08:03 788145     /usr/lib/i386-linux-gnu/libavformat-ffmpeg.so.56.40.101
64130000-64cf1000 r-xp 00000000 08:03 788143     /usr/lib/i386-linux-gnu/libavcodec-ffmpeg.so.56.60.100
64cf1000-64cf2000 ---p 00bc1000 08:03 788143     /usr/lib/i386-linux-gnu/libavcodec-ffmpeg.so.56.60.100
64cf2000-64cf3000 r--p 00bc1000 08:03 788143     /usr/lib/i386-linux-gnu/libavcodec-ffmpeg.so.56.60.100
64cf3000-64d08000 rw-p 00bc2000 08:03 788143     /usr/lib/i386-linux-gnu/libavcodec-ffmpeg.so.56.60.100
64d08000-653b8000 rw-p 00000000 00:00 0 
653b8000-653f5000 r-xp 00000000 08:03 802053     /usr/lib/i386-linux-gnu/libdc1394.so.22.1.11
653f5000-653f6000 r--p 0003c000 08:03 802053     /usr/lib/i386-linux-gnu/libdc1394.so.22.1.11
653f6000-653f7000 rw-p 0003d000 08:03 802053     /usr/lib/i386-linux-gnu/libdc1394.so.22.1.11
653f7000-65437000 rw-p 00000000 00:00 0 
65437000-6555e000 r-xp 00000000 08:03 529197     /lib/i386-linux-gnu/libglib-2.0.so.0.4800.1
6555e000-6555f000 r--p 00126000 08:03 529197     /lib/i386-linux-gnu/libglib-2.0.so.0.4800.1
6555f000-65560000 rw-p 00127000 08:03 529197     /lib/i386-linux-gnu/libglib-2.0.so.0.4800.1
65560000-655bc000 r-xp 00000000 08:03 793681     /usr/lib/i386-linux-gnu/libgobject-2.0.so.0.4800.1
655bc000-655bd000 ---p 0005c000 08:03 793681     /usr/lib/i386-linux-gnu/libgobject-2.0.so.0.4800.1
655bd000-655be000 r--p 0005c000 08:03 793681     /usr/lib/i386-linux-gnu/libgobject-2.0.so.0.4800.1
655be000-655bf000 rw-p 0005d000 08:03 793681     /usr/lib/i386-linux-gnu/libgobject-2.0.so.0.4800.1
655bf000-6567c000 r-xp 00000000 08:03 790547     /usr/lib/i386-linux-gnu/libgdk-x11-2.0.so.0.2400.30
6567c000-6567e000 r--p 000bc000 08:03 790547     /usr/lib/i386-linux-gnu/libgdk-x11-2.0.so.0.2400.30
6567e000-6567f000 rw-p 000be000 08:03 790547     /usr/lib/i386-linux-gnu/libgdk-x11-2.0.so.0.2400.30
6567f000-65b6c000 r-xp 00000000 08:03 790665     /usr/lib/i386-linux-gnu/libgtk-x11-2.0.so.0.2400.30
65b6c000-65b6d000 ---p 004ed000 08:03 790665     /usr/lib/i386-linux-gnu/libgtk-x11-2.0.so.0.2400.30
65b6d000-65b71000 r--p 004ed000 08:03 790665     /usr/lib/i386-linux-gnu/libgtk-x11-2.0.so.0.2400.30
65b71000-65b73000 rw-p 004f1000 08:03 790665     /usr/lib/i386-linux-gnu/libgtk-x11-2.0.so.0.2400.30
65b73000-65b75000 rw-p 00000000 00:00 0 
65b75000-65bc6000 r-xp 00000000 08:03 801868     /usr/lib/i386-linux-gnu/libjasper.so.1.0.0
65bc6000-65bc7000 r--p 00050000 08:03 801868     /usr/lib/i386-linux-gnu/libjasper.so.1.0.0
65bc7000-65bca000 rw-p 00051000 08:03 801868     /usr/lib/i386-linux-gnu/libjasper.so.1.0.0
65bca000-65bd0000 rw-p 00000000 00:00 0 
65bd0000-65c46000 r-xp 00000000 08:03 791190     /usr/lib/i386-linux-gnu/libtiff.so.5.2.4
65c46000-65c47000 r--p 00075000 08:03 791190     /usr/lib/i386-linux-gnu/libtiff.so.5.2.4
65c47000-65c49000 rw-p 00076000 08:03 791190     /usr/lib/i386-linux-gnu/libtiff.so.5.2.4
65c49000-65c4a000 rw-p 00000000 00:00 0 
65c4a000-65c73000 r-xp 00000000 08:03 525757     /lib/i386-linux-gnu/libpng12.so.0.54.0
65c73000-65c74000 r--p 00028000 08:03 525757     /lib/i386-linux-gnu/libpng12.so.0.54.0
65c74000-65c75000 rw-p 00029000 08:03 525757     /lib/i386-linux-gnu/libpng12.so.0.54.0
65c75000-65cd2000 r-xp 00000000 08:03 790775     /usr/lib/i386-linux-gnu/libjpeg.so.8.0.2
65cd2000-65cd3000 r--p 0005c000 08:03 790775     /usr/lib/i386-linux-gnu/libjpeg.so.8.0.2
65cd3000-65cd4000 rw-p 0005d000 08:03 790775     /usr/lib/i386-linux-gnu/libjpeg.so.8.0.2
65cd4000-65e41000 r-xp 00000000 08:03 786693     /usr/lib/i386-linux-gnu/libstdc++.so.6.0.21
65e41000-65e42000 ---p 0016d000 08:03 786693     /usr/lib/i386-linux-gnu/libstdc++.so.6.0.21
65e42000-65e47000 r--p 0016d000 08:03 786693     /usr/lib/i386-linux-gnu/libstdc++.so.6.0.21
65e47000-65e48000 rw-p 00172000 08:03 786693     /usr/lib/i386-linux-gnu/libstdc++.so.6.0.21
65e48000-65e4b000 rw-p 00000000 00:00 0 
65e4b000-66d08000 r-xp 00000000 08:04 7604033    /home/giannis/Opencv/opencv/lib/libopencv_java2413.so
66d08000-66d09000 ---p 00ebd000 08:04 7604033    /home/giannis/Opencv/opencv/lib/libopencv_java2413.so
66d09000-66d18000 r--p 00ebd000 08:04 7604033    /home/giannis/Opencv/opencv/lib/libopencv_java2413.so
66d18000-66d24000 rw-p 00ecc000 08:04 7604033    /home/giannis/Opencv/opencv/lib/libopencv_java2413.so
66d24000-66dbf000 rw-p 00000000 00:00 0 
66dbf000-66f05000 r-xp 00000000 08:03 790106     /usr/lib/i386-linux-gnu/libX11.so.6.3.0
66f05000-66f06000 ---p 00146000 08:03 790106     /usr/lib/i386-linux-gnu/libX11.so.6.3.0
66f06000-66f07000 r--p 00146000 08:03 790106     /usr/lib/i386-linux-gnu/libX11.so.6.3.0
66f07000-66f09000 rw-p 00147000 08:03 790106     /usr/lib/i386-linux-gnu/libX11.so.6.3.0
66f09000-66f0a000 rw-p 00000000 00:00 0 
66f0a000-66f56000 r-xp 00000000 08:03 798667     /usr/lib/jvm/java-8-oracle/jre/lib/i386/libawt_xawt.so
66f56000-66f58000 rw-p 0004c000 08:03 798667     /usr/lib/jvm/java-8-oracle/jre/lib/i386/libawt_xawt.so
66f58000-66f59000 rw-p 00000000 00:00 0 
66f59000-66fdf000 r-xp 00000000 08:03 798654     /usr/lib/jvm/java-8-oracle/jre/lib/i386/libawt.so
66fdf000-66fe6000 rw-p 00086000 08:03 798654     /usr/lib/jvm/java-8-oracle/jre/lib/i386/libawt.so
66fe6000-6700a000 rw-p 00000000 00:00 0 
6700a000-6700b000 ---p 00000000 00:00 0 
6700b000-6708b000 rw-p 00000000 00:00 0 
6708b000-6708e000 ---p 00000000 00:00 0 
6708e000-670dc000 rw-p 00000000 00:00 0 
670dc000-670df000 ---p 00000000 00:00 0 
670df000-6715d000 rw-p 00000000 00:00 0 
6715d000-67160000 ---p 00000000 00:00 0 
67160000-671de000 rw-p 00000000 00:00 0 
671de000-671e1000 ---p 00000000 00:00 0 
671e1000-6722f000 rw-p 00000000 00:00 0 
6722f000-67361000 r--p 00a27000 08:03 793744     /usr/lib/locale/locale-archive
67361000-673af000 r--p 00295000 08:03 793744     /usr/lib/locale/locale-archive
673af000-675af000 r--p 00000000 08:03 793744     /usr/lib/locale/locale-archive
675af000-675b2000 ---p 00000000 00:00 0 
675b2000-67600000 rw-p 00000000 00:00 0 
67600000-676fd000 rw-p 00000000 00:00 0 
676fd000-67700000 ---p 00000000 00:00 0 
67700000-67701000 r--s 00000000 08:03 4072045    /var/cache/fontconfig/56cf4f4769d0f4abc89a4895d7bd3ae1-le32d4.cache-6
67701000-67703000 r-xp 00000000 08:03 790133     /usr/lib/i386-linux-gnu/libXinerama.so.1.0.0
67703000-67704000 r--p 00001000 08:03 790133     /usr/lib/i386-linux-gnu/libXinerama.so.1.0.0
67704000-67705000 rw-p 00002000 08:03 790133     /usr/lib/i386-linux-gnu/libXinerama.so.1.0.0
67705000-6770a000 r-xp 00000000 08:03 790125     /usr/lib/i386-linux-gnu/libXfixes.so.3.1.0
6770a000-6770b000 r--p 00004000 08:03 790125     /usr/lib/i386-linux-gnu/libXfixes.so.3.1.0
6770b000-6770c000 rw-p 00005000 08:03 790125     /usr/lib/i386-linux-gnu/libXfixes.so.3.1.0
6770c000-67718000 r-xp 00000000 08:03 790967     /usr/lib/i386-linux-gnu/libpangocairo-1.0.so.0.3800.1
67718000-67719000 r--p 0000b000 08:03 790967     /usr/lib/i386-linux-gnu/libpangocairo-1.0.so.0.3800.1
67719000-6771a000 rw-p 0000c000 08:03 790967     /usr/lib/i386-linux-gnu/libpangocairo-1.0.so.0.3800.1
6771a000-6773e000 r-xp 00000000 08:03 791323     /usr/lib/i386-linux-gnu/libxcb.so.1.1.0
6773e000-6773f000 r--p 00023000 08:03 791323     /usr/lib/i386-linux-gnu/libxcb.so.1.1.0
6773f000-67740000 rw-p 00024000 08:03 791323     /usr/lib/i386-linux-gnu/libxcb.so.1.1.0
67740000-67741000 ---p 00000000 00:00 0 
67741000-677c1000 rw-p 00000000 00:00 0 
677c1000-6799a000 r--s 03d29000 08:03 798719     /usr/lib/jvm/java-8-oracle/jre/lib/rt.jar
6799a000-6a000000 rw-p 00000000 00:00 0 
6a000000-6a0fa000 rw-p 00000000 00:00 0 
6a0fa000-6a100000 ---p 00000000 00:00 0 
6a100000-6a103000 r-xp 00000000 08:03 793679     /usr/lib/i386-linux-gnu/libgmodule-2.0.so.0.4800.1
6a103000-6a104000 r--p 00002000 08:03 793679     /usr/lib/i386-linux-gnu/libgmodule-2.0.so.0.4800.1
6a104000-6a105000 rw-p 00003000 08:03 793679     /usr/lib/i386-linux-gnu/libgmodule-2.0.so.0.4800.1
6a105000-6a108000 ---p 00000000 00:00 0 
6a108000-6a200000 rw-p 00000000 00:00 0 
6a200000-6a221000 rw-p 00000000 00:00 0 
6a221000-6a300000 ---p 00000000 00:00 0 
6a300000-6a301000 r--s 00000000 08:03 4072034    /var/cache/fontconfig/b9d506c9ac06c20b433354fa67a72993-le32d4.cache-6
6a301000-6a302000 r--s 00000000 08:03 4071639    /var/cache/fontconfig/551ecf3b0e8b0bca0f25c0944f561853-le32d4.cache-6
6a302000-6a30d000 r-xp 00000000 08:03 790771     /usr/lib/i386-linux-gnu/libjbig.so.0
6a30d000-6a30e000 r--p 0000a000 08:03 790771     /usr/lib/i386-linux-gnu/libjbig.so.0
6a30e000-6a311000 rw-p 0000b000 08:03 790771     /usr/lib/i386-linux-gnu/libjbig.so.0
6a311000-6a316000 r-xp 00000000 08:03 790121     /usr/lib/i386-linux-gnu/libXdmcp.so.6.0.0
6a316000-6a317000 r--p 00004000 08:03 790121     /usr/lib/i386-linux-gnu/libXdmcp.so.6.0.0
6a317000-6a318000 rw-p 00005000 08:03 790121     /usr/lib/i386-linux-gnu/libXdmcp.so.6.0.0
6a318000-6a319000 ---p 00000000 00:00 0 
6a319000-6a399000 rw-p 00000000 00:00 0 
6a399000-6a39a000 ---p 00000000 00:00 0 
6a39a000-6a42f000 rw-p 00000000 00:00 0 
6a42f000-6a55d000 ---p 00000000 00:00 0 
6a55d000-6a564000 rw-p 00000000 00:00 0 
6a564000-6a5ff000 ---p 00000000 00:00 0 
6a5ff000-6cf80000 rw-p 00000000 00:00 0 
6cf80000-92cc0000 ---p 00000000 00:00 0 
92cc0000-93940000 rw-p 00000000 00:00 0 
93940000-a7000000 ---p 00000000 00:00 0 
a7000000-a7001000 r--s 00000000 08:03 4071637    /var/cache/fontconfig/30829fa25452a46451e813d634d7f916-le32d4.cache-6
a7001000-a7012000 r-xp 00000000 08:03 790131     /usr/lib/i386-linux-gnu/libXi.so.6.1.0
a7012000-a7013000 r--p 00010000 08:03 790131     /usr/lib/i386-linux-gnu/libXi.so.6.1.0
a7013000-a7014000 rw-p 00011000 08:03 790131     /usr/lib/i386-linux-gnu/libXi.so.6.1.0
a7014000-a7019000 r-xp 00000000 08:03 790149     /usr/lib/i386-linux-gnu/libXtst.so.6.1.0
a7019000-a701a000 r--p 00004000 08:03 790149     /usr/lib/i386-linux-gnu/libXtst.so.6.1.0
a701a000-a701b000 rw-p 00005000 08:03 790149     /usr/lib/i386-linux-gnu/libXtst.so.6.1.0
a701b000-a702e000 r-xp 00000000 08:03 790123     /usr/lib/i386-linux-gnu/libXext.so.6.4.0
a702e000-a702f000 r--p 00012000 08:03 790123     /usr/lib/i386-linux-gnu/libXext.so.6.4.0
a702f000-a7030000 rw-p 00013000 08:03 790123     /usr/lib/i386-linux-gnu/libXext.so.6.4.0
a7030000-a7038000 r--s 00000000 08:03 4071633    /var/cache/fontconfig/83bf95040141907cd45bb53cf7c1c148-le32d4.cache-6
a7038000-a7041000 r--s 00000000 08:03 4068883    /var/cache/fontconfig/e13b20fdb08344e0e664864cc2ede53d-le32d4.cache-6
a7041000-a7044000 r--s 00000000 08:03 4063338    /var/cache/fontconfig/7ef2298fde41cc6eeb7af42e48b7d293-le32d4.cache-6
a7044000-a7070000 rw-p 00000000 00:00 0 
a7070000-a719f000 ---p 00000000 00:00 0 
a719f000-a71aa000 rw-p 00000000 00:00 0 
a71aa000-a755f000 ---p 00000000 00:00 0 
a755f000-a7807000 rwxp 00000000 00:00 0 
a7807000-b655f000 ---p 00000000 00:00 0 
b655f000-b6578000 r-xp 00000000 08:03 798697     /usr/lib/jvm/java-8-oracle/jre/lib/i386/libzip.so
b6578000-b6579000 rw-p 00019000 08:03 798697     /usr/lib/jvm/java-8-oracle/jre/lib/i386/libzip.so
b6579000-b6584000 r-xp 00000000 08:03 525715     /lib/i386-linux-gnu/libnss_files-2.23.so
b6584000-b6585000 r--p 0000a000 08:03 525715     /lib/i386-linux-gnu/libnss_files-2.23.so
b6585000-b6586000 rw-p 0000b000 08:03 525715     /lib/i386-linux-gnu/libnss_files-2.23.so
b6586000-b658c000 rw-p 00000000 00:00 0 
b658c000-b6597000 r-xp 00000000 08:03 525725     /lib/i386-linux-gnu/libnss_nis-2.23.so
b6597000-b6598000 r--p 0000a000 08:03 525725     /lib/i386-linux-gnu/libnss_nis-2.23.so
b6598000-b6599000 rw-p 0000b000 08:03 525725     /lib/i386-linux-gnu/libnss_nis-2.23.so
b6599000-b65b0000 r-xp 00000000 08:03 525709     /lib/i386-linux-gnu/libnsl-2.23.so
b65b0000-b65b1000 r--p 00016000 08:03 525709     /lib/i386-linux-gnu/libnsl-2.23.so
b65b1000-b65b2000 rw-p 00017000 08:03 525709     /lib/i386-linux-gnu/libnsl-2.23.so
b65b2000-b65b4000 rw-p 00000000 00:00 0 
b65b4000-b65bc000 r-xp 00000000 08:03 525711     /lib/i386-linux-gnu/libnss_compat-2.23.so
b65bc000-b65bd000 r--p 00007000 08:03 525711     /lib/i386-linux-gnu/libnss_compat-2.23.so
b65bd000-b65be000 rw-p 00008000 08:03 525711     /lib/i386-linux-gnu/libnss_compat-2.23.so
b65be000-b65c8000 r-xp 00000000 08:03 790143     /usr/lib/i386-linux-gnu/libXrender.so.1.3.0
b65c8000-b65c9000 r--p 00009000 08:03 790143     /usr/lib/i386-linux-gnu/libXrender.so.1.3.0
b65c9000-b65ca000 rw-p 0000a000 08:03 790143     /usr/lib/i386-linux-gnu/libXrender.so.1.3.0
b65ca000-b65d2000 rw-s 00000000 08:03 2621523    /tmp/hsperfdata_giannis/794
b65d2000-b65f6000 r-xp 00000000 08:03 798692     /usr/lib/jvm/java-8-oracle/jre/lib/i386/libjava.so
b65f6000-b65f7000 rw-p 00023000 08:03 798692     /usr/lib/jvm/java-8-oracle/jre/lib/i386/libjava.so
b65f7000-b65fe000 r-xp 00000000 08:03 525770     /lib/i386-linux-gnu/librt-2.23.so
b65fe000-b65ff000 r--p 00006000 08:03 525770     /lib/i386-linux-gnu/librt-2.23.so
b65ff000-b6600000 rw-p 00007000 08:03 525770     /lib/i386-linux-gnu/librt-2.23.so
b6600000-b66f8000 rw-p 00000000 00:00 0 
b66f8000-b6700000 ---p 00000000 00:00 0 
b6700000-b6702000 r-xp 00000000 08:03 790110     /usr/lib/i386-linux-gnu/libXau.so.6.0.0
b6702000-b6703000 r--p 00001000 08:03 790110     /usr/lib/i386-linux-gnu/libXau.so.6.0.0
b6703000-b6704000 rw-p 00002000 08:03 790110     /usr/lib/i386-linux-gnu/libXau.so.6.0.0
b6704000-b6707000 ---p 00000000 00:00 0 
b6707000-b6755000 rw-p 00000000 00:00 0 
b6755000-b67a8000 r-xp 00000000 08:03 525688     /lib/i386-linux-gnu/libm-2.23.so
b67a8000-b67a9000 r--p 00052000 08:03 525688     /lib/i386-linux-gnu/libm-2.23.so
b67a9000-b67aa000 rw-p 00053000 08:03 525688     /lib/i386-linux-gnu/libm-2.23.so
b67aa000-b7133000 r-xp 00000000 08:03 920674     /usr/lib/jvm/java-8-oracle/jre/lib/i386/server/libjvm.so
b7133000-b71a0000 rw-p 00989000 08:03 920674     /usr/lib/jvm/java-8-oracle/jre/lib/i386/server/libjvm.so
b71a0000-b75c9000 rw-p 00000000 00:00 0 
b75c9000-b7778000 r-xp 00000000 08:03 525618     /lib/i386-linux-gnu/libc-2.23.so
b7778000-b7779000 ---p 001af000 08:03 525618     /lib/i386-linux-gnu/libc-2.23.so
b7779000-b777b000 r--p 001af000 08:03 525618     /lib/i386-linux-gnu/libc-2.23.so
b777b000-b777c000 rw-p 001b1000 08:03 525618     /lib/i386-linux-gnu/libc-2.23.so
b777c000-b777f000 rw-p 00000000 00:00 0 
b777f000-b7782000 r-xp 00000000 08:03 525642     /lib/i386-linux-gnu/libdl-2.23.so
b7782000-b7783000 r--p 00002000 08:03 525642     /lib/i386-linux-gnu/libdl-2.23.so
b7783000-b7784000 rw-p 00003000 08:03 525642     /lib/i386-linux-gnu/libdl-2.23.so
b7784000-b7798000 r-xp 00000000 08:03 797153     /usr/lib/jvm/java-8-oracle/lib/i386/jli/libjli.so
b7798000-b7799000 rw-p 00014000 08:03 797153     /usr/lib/jvm/java-8-oracle/lib/i386/jli/libjli.so
b7799000-b77b2000 r-xp 00000000 08:03 525762     /lib/i386-linux-gnu/libpthread-2.23.so
b77b2000-b77b3000 r--p 00018000 08:03 525762     /lib/i386-linux-gnu/libpthread-2.23.so
b77b3000-b77b4000 rw-p 00019000 08:03 525762     /lib/i386-linux-gnu/libpthread-2.23.so
b77b4000-b77b6000 rw-p 00000000 00:00 0 
b77b6000-b77b7000 r--s 00000000 08:03 4071590    /var/cache/fontconfig/0c9eb80ebd1c36541ebe2852d3bb0c49-le32d4.cache-6
b77b7000-b77bb000 r--s 0006a000 08:04 7604031    /home/giannis/Opencv/opencv/bin/opencv-2413.jar
b77bb000-b77bc000 r--p 007aa000 08:03 793744     /usr/lib/locale/locale-archive
b77bc000-b77bd000 rw-p 00000000 00:00 0 
b77bd000-b77be000 r--p 00000000 00:00 0 
b77be000-b77c9000 r-xp 00000000 08:03 798653     /usr/lib/jvm/java-8-oracle/jre/lib/i386/libverify.so
b77c9000-b77ca000 rw-p 0000b000 08:03 798653     /usr/lib/jvm/java-8-oracle/jre/lib/i386/libverify.so
b77ca000-b77cc000 rw-p 00000000 00:00 0 
b77cc000-b77ce000 r--p 00000000 00:00 0          [vvar]
b77ce000-b77cf000 r-xp 00000000 00:00 0          [vdso]
b77cf000-b77f1000 r-xp 00000000 08:03 525590     /lib/i386-linux-gnu/ld-2.23.so
b77f1000-b77f2000 rw-p 00000000 00:00 0 
b77f2000-b77f3000 r--p 00022000 08:03 525590     /lib/i386-linux-gnu/ld-2.23.so
b77f3000-b77f4000 rw-p 00023000 08:03 525590     /lib/i386-linux-gnu/ld-2.23.so
bfa75000-bfa76000 rwxp 00000000 00:00 0 
bfaa8000-bfac9000 rw-p 00000000 00:00 0          [stack]

VM Arguments:
jvm_args: -Dfile.encoding=UTF-8 -Djava.library.path=/home/giannis/Opencv/opencv/lib 
java_command: gui.FaceDetection
java_class_path (initial): /home/giannis/Opencv/opencv/bin/opencv-2413.jar:/home/giannis/faceD/build/classes
Launcher Type: SUN_STANDARD

Environment Variables:
JAVA_HOME=/usr/lib/jvm/java-8-oracle
PATH=/home/giannis/bin:/home/giannis/.local/bin:/usr/local/sbin:/usr/local/bin:/usr/sbin:/usr/bin:/sbin:/bin:/usr/games:/usr/local/games:/snap/bin:/usr/lib/jvm/java-8-oracle/bin:/usr/lib/jvm/java-8-oracle/db/bin:/usr/lib/jvm/java-8-oracle/jre/bin
LD_LIBRARY_PATH=/usr/lib/jvm/java-8-oracle//jre/lib/amd64:/usr/lib/jvm/java-8-oracle//jre/lib/i386:
SHELL=/bin/bash
DISPLAY=:0.0

Signal Handlers:
SIGSEGV: [libjvm.so+0x8d4e30], sa_mask[0]=11111111011111111101111111111110, sa_flags=SA_RESTART|SA_SIGINFO
SIGBUS: [libjvm.so+0x8d4e30], sa_mask[0]=11111111011111111101111111111110, sa_flags=SA_RESTART|SA_SIGINFO
SIGFPE: [libjvm.so+0x753000], sa_mask[0]=11111111011111111101111111111110, sa_flags=SA_RESTART|SA_SIGINFO
SIGPIPE: [libjvm.so+0x753000], sa_mask[0]=11111111011111111101111111111110, sa_flags=SA_RESTART|SA_SIGINFO
SIGXFSZ: [libjvm.so+0x753000], sa_mask[0]=11111111011111111101111111111110, sa_flags=SA_RESTART|SA_SIGINFO
SIGILL: [libjvm.so+0x753000], sa_mask[0]=11111111011111111101111111111110, sa_flags=SA_RESTART|SA_SIGINFO
SIGUSR1: SIG_DFL, sa_mask[0]=00000000000000000000000000000000, sa_flags=none
SIGUSR2: [libjvm.so+0x754680], sa_mask[0]=00100000000000000000000000000000, sa_flags=SA_RESTART|SA_SIGINFO
SIGHUP: [libjvm.so+0x755b30], sa_mask[0]=11111111011111111101111111111110, sa_flags=SA_RESTART|SA_SIGINFO
SIGINT: SIG_IGN, sa_mask[0]=00000000000000000000000000000000, sa_flags=none
SIGTERM: [libjvm.so+0x755b30], sa_mask[0]=11111111011111111101111111111110, sa_flags=SA_RESTART|SA_SIGINFO
SIGQUIT: [libjvm.so+0x755b30], sa_mask[0]=11111111011111111101111111111110, sa_flags=SA_RESTART|SA_SIGINFO


---------------  S Y S T E M  ---------------

OS:DISTRIB_ID=Ubuntu
DISTRIB_RELEASE=16.04
DISTRIB_CODENAME=xenial
DISTRIB_DESCRIPTION="Ubuntu 16.04.1 LTS"

uname:Linux 4.4.0-57-generic #78-Ubuntu SMP Fri Dec 9 23:46:51 UTC 2016 i686
libc:glibc 2.23 NPTL 2.23 
rlimit: STACK 8192k, CORE 0k, NPROC 30723, NOFILE 65536, AS infinity
load average:0,90 1,00 1,22

/proc/meminfo:
MemTotal:        3968600 kB
MemFree:          334680 kB
MemAvailable:     169792 kB
Buffers:            8012 kB
Cached:           242580 kB
SwapCached:        45592 kB
Active:          2695012 kB
Inactive:         827684 kB
Active(anon):    2596420 kB
Inactive(anon):   788968 kB
Active(file):      98592 kB
Inactive(file):    38716 kB
Unevictable:          48 kB
Mlocked:              48 kB
HighTotal:       3110916 kB
HighFree:         139340 kB
LowTotal:         857684 kB
LowFree:          195340 kB
SwapTotal:       7812092 kB
SwapFree:        7278828 kB
Dirty:               508 kB
Writeback:             0 kB
AnonPages:       3241028 kB
Mapped:           135704 kB
Shmem:            113136 kB
Slab:              54228 kB
SReclaimable:      34760 kB
SUnreclaim:        19468 kB
KernelStack:        5648 kB
PageTables:        14280 kB
NFS_Unstable:          0 kB
Bounce:                0 kB
WritebackTmp:          0 kB
CommitLimit:     9796392 kB
Committed_AS:    5408368 kB
VmallocTotal:     122880 kB
VmallocUsed:           0 kB
VmallocChunk:          0 kB
AnonHugePages:   1404928 kB
CmaTotal:              0 kB
CmaFree:               0 kB
HugePages_Total:       0
HugePages_Free:        0
HugePages_Rsvd:        0
HugePages_Surp:        0
Hugepagesize:       2048 kB
DirectMap4k:       51192 kB
DirectMap2M:      862208 kB


CPU:total 2 (2 cores per cpu, 1 threads per core) family 6 model 23 stepping 10, cmov, cx8, fxsr, mmx, sse, sse2, sse3, ssse3, tsc

/proc/cpuinfo:
processor	: 0
vendor_id	: GenuineIntel
cpu family	: 6
model		: 23
model name	: Pentium(R) Dual-Core  CPU      E5800  @ 3.20GHz
stepping	: 10
microcode	: 0xa0c
cpu MHz		: 3192.011
cache size	: 2048 KB
physical id	: 0
siblings	: 2
core id		: 0
cpu cores	: 2
apicid		: 0
initial apicid	: 0
fdiv_bug	: no
f00f_bug	: no
coma_bug	: no
fpu		: yes
fpu_exception	: yes
cpuid level	: 13
wp		: yes
flags		: fpu vme de pse tsc msr pae mce cx8 apic sep mtrr pge mca cmov pat pse36 clflush dts acpi mmx fxsr sse sse2 ss ht tm pbe nx lm constant_tsc arch_perfmon pebs bts aperfmperf pni dtes64 monitor ds_cpl vmx est tm2 ssse3 cx16 xtpr pdcm xsave lahf_lm tpr_shadow vnmi flexpriority dtherm
bugs		:
bogomips	: 6384.02
clflush size	: 64
cache_alignment	: 64
address sizes	: 36 bits physical, 48 bits virtual
power management:

processor	: 1
vendor_id	: GenuineIntel
cpu family	: 6
model		: 23
model name	: Pentium(R) Dual-Core  CPU      E5800  @ 3.20GHz
stepping	: 10
microcode	: 0xa0c
cpu MHz		: 3192.011
cache size	: 2048 KB
physical id	: 0
siblings	: 2
core id		: 1
cpu cores	: 2
apicid		: 1
initial apicid	: 1
fdiv_bug	: no
f00f_bug	: no
coma_bug	: no
fpu		: yes
fpu_exception	: yes
cpuid level	: 13
wp		: yes
flags		: fpu vme de pse tsc msr pae mce cx8 apic sep mtrr pge mca cmov pat pse36 clflush dts acpi mmx fxsr sse sse2 ss ht tm pbe nx lm constant_tsc arch_perfmon pebs bts aperfmperf pni dtes64 monitor ds_cpl vmx est tm2 ssse3 cx16 xtpr pdcm xsave lahf_lm tpr_shadow vnmi flexpriority dtherm
bugs		:
bogomips	: 6384.02
clflush size	: 64
cache_alignment	: 64
address sizes	: 36 bits physical, 48 bits virtual
power management:



Memory: 4k page, physical 3968600k(334680k free), swap 7812092k(7278828k free)

vm_info: Java HotSpot(TM) Server VM (25.101-b13) for linux-x86 JRE (1.8.0_101-b13), built on Jun 22 2016 02:31:35 by "java_re" with gcc 4.3.0 20080428 (Red Hat 4.3.0-8)

time: Wed Jan 18 16:30:53 2017
elapsed time: 22 seconds (0d 0h 0m 22s)

